#
# A fatal error has been detected by the Java Runtime Environment:
#
#  SIGSEGV (0xb) at pc=0x0000000197966224, pid=74409, tid=0x0000000000003803
#
# JRE version: Java(TM) SE Runtime Environment (8.0_144-b01) (build 1.8.0_144-b01)
# Java VM: Java HotSpot(TM) 64-Bit Server VM (25.144-b01 mixed mode bsd-amd64 compressed oops)
# Problematic frame:
# C  [libbulletjme.dylib+0xb6224]  _ZN16btDbvtBroadphase12destroyProxyEP17btBroadphaseProxyP12btDispatcher+0x24
#
# Failed to write core dump. Core dumps have been disabled. To enable core dumping, try "ulimit -c unlimited" before starting Java again
#
# If you would like to submit a bug report, please visit:
#   http://bugreport.java.com/bugreport/crash.jsp
# The crash happened outside the Java Virtual Machine in native code.
# See problematic frame for where to report the bug.
#

---------------  T H R E A D  ---------------

Current thread (0x00007fd7ca028000):  JavaThread "Finalizer" daemon [_thread_in_native, id=14339, stack(0x000070000232e000,0x000070000242e000)]

siginfo: si_signo: 11 (SIGSEGV), si_code: 0 (unknown), si_addr: 0x0000000000000000

Registers:
RAX=0x00007fd7d0154990, RBX=0x000000012df4d5c8, RCX=0x0000000197966200, RDX=0x00007fd7d0154990
RSP=0x000070000242d510, RBP=0x000070000242d540, RSI=0x00cdff7a41ffba00, RDI=0x00007fd7d0154990
R8 =0x00007fd7d0154ac0, R9 =0x0000000000000000, R10=0x0000000000000001, R11=0x0000000000000022
R12=0x0000000000000000, R13=0x000000012df4d5c8, R14=0x000070000242d7e0, R15=0x00007fd7ca028000
RIP=0x0000000197966224, EFLAGS=0x0000000000010202, ERR=0x0000000000000000
  TRAPNO=0x000000000000000d

Top of Stack: (sp=0x000070000242d510)
0x000070000242d510:   00cdff7a41ffba00 00007fd7d0154ac0
0x000070000242d520:   00cdff7a41ffba00 00007fd7c876ce00
0x000070000242d530:   00cdff7a41ffba00 00007fd7d0154990
0x000070000242d540:   000070000242d5e0 0000000197b31951
0x000070000242d550:   000070000242d570 00007fd7d0154990
0x000070000242d560:   00007fd7d0154ac0 00007fd7d0154990
0x000070000242d570:   00cdff7a41ffba00 00007fd7c7cf0e70
0x000070000242d580:   0000003a0000003e 00007fd7d01552a0
0x000070000242d590:   00cdff7a41ffba00 00007fd7d0321320
0x000070000242d5a0:   00007fd7d0155388 00007fd7d0155388
0x000070000242d5b0:   0000003ad0155388 00007fd7d01552a0
0x000070000242d5c0:   00007fd7d01552a8 0000003a97bdb8c0
0x000070000242d5d0:   00007fd7d01552a8 00007fd7d0321320
0x000070000242d5e0:   000070000242d600 0000000197abd545
0x000070000242d5f0:   0000000000000009 00007fd7d01552a0
0x000070000242d600:   000070000242d640 0000000197aab750
0x000070000242d610:   00007fd7ca028000 000000012df4d5c8
0x000070000242d620:   00007fd7d01552a0 00007fd7ca028000
0x000070000242d630:   000000012df4d5c8 00007fd7d01552a0
0x000070000242d640:   000070000242d660 0000000197aab855
0x000070000242d650:   000070000242d6c0 00007fd7d01552a0
0x000070000242d660:   000070000242d6b0 0000000197aab878
0x000070000242d670:   00007fd7ca028000 0000000000000001
0x000070000242d680:   00007fd7d01552a0 000000012df4d5c8
0x000070000242d690:   000070000242d6e0 00007fd7d01552a0
0x000070000242d6a0:   000070000242d6c0 0000000108df368e
0x000070000242d6b0:   000070000242d6d0 00000001979be5ef
0x000070000242d6c0:   00007fd7d01552a0 00007fd7d014c4b0
0x000070000242d6d0:   000070000242d6f0 00000001979be615
0x000070000242d6e0:   00007fd7ca028000 00007fd7d014c4b0
0x000070000242d6f0:   000070000242d740 0000000197a9a8d7
0x000070000242d700:   00007fd7ca028000 00007fd7d014c4b0 

Instructions: (pc=0x0000000197966224)
0x0000000197966204:   48 83 ec 30 48 89 7d f8 48 89 75 f0 48 89 55 e8
0x0000000197966214:   48 8b 55 f8 48 8b 75 f0 48 89 75 e0 48 8b 75 e0
0x0000000197966224:   83 7e 58 02 48 89 55 d8 0f 85 21 00 00 00 48 8b
0x0000000197966234:   45 d8 48 83 c0 08 48 83 c0 60 48 8b 4d e0 48 8b 

Register to memory mapping:

RAX=0x00007fd7d0154990 is an unknown value
RBX={method} {0x000000012df4d5c8} 'finalizeNative' '(J)V' in 'com/jme3/bullet/PhysicsSpace'
RCX=0x0000000197966200: _ZN16btDbvtBroadphase12destroyProxyEP17btBroadphaseProxyP12btDispatcher+0 in /Users/lawrence.mouarkach/doctorigames/BasicGameGradle/libbulletjme.dylib at 0x00000001978b0000
RDX=0x00007fd7d0154990 is an unknown value
RSP=0x000070000242d510 is pointing into the stack for thread: 0x00007fd7ca028000
RBP=0x000070000242d540 is pointing into the stack for thread: 0x00007fd7ca028000
RSI=0x00cdff7a41ffba00 is an unknown value
RDI=0x00007fd7d0154990 is an unknown value
R8 =0x00007fd7d0154ac0 is an unknown value
R9 =0x0000000000000000 is an unknown value
R10=0x0000000000000001 is an unknown value
R11=0x0000000000000022 is an unknown value
R12=0x0000000000000000 is an unknown value
R13={method} {0x000000012df4d5c8} 'finalizeNative' '(J)V' in 'com/jme3/bullet/PhysicsSpace'
R14=0x000070000242d7e0 is pointing into the stack for thread: 0x00007fd7ca028000
R15=0x00007fd7ca028000 is a thread


Stack: [0x000070000232e000,0x000070000242e000],  sp=0x000070000242d510,  free space=1021k
Native frames: (J=compiled Java code, j=interpreted, Vv=VM code, C=native code)
C  [libbulletjme.dylib+0xb6224]  _ZN16btDbvtBroadphase12destroyProxyEP17btBroadphaseProxyP12btDispatcher+0x24
C  [libbulletjme.dylib+0x281951]  _ZN16btCollisionWorldD2Ev+0x131
C  [libbulletjme.dylib+0x20d545]  _ZN15btDynamicsWorldD2Ev+0x15
C  [libbulletjme.dylib+0x1fb750]  _ZN23btDiscreteDynamicsWorldD2Ev+0x190
C  [libbulletjme.dylib+0x1fb855]  _ZN23btDiscreteDynamicsWorldD1Ev+0x15
C  [libbulletjme.dylib+0x1fb878]  _ZN23btDiscreteDynamicsWorldD0Ev+0x18
C  [libbulletjme.dylib+0x10e5ef]  _ZN15jmePhysicsSpaceD2Ev+0x2f
C  [libbulletjme.dylib+0x10e615]  _ZN15jmePhysicsSpaceD1Ev+0x15
C  [libbulletjme.dylib+0x1ea8d7]  Java_com_jme3_bullet_PhysicsSpace_finalizeNative+0x47
j  com.jme3.bullet.PhysicsSpace.finalizeNative(J)V+0
j  com.jme3.bullet.PhysicsSpace.finalize()V+34
J 1397 C1 java.lang.ref.Finalizer.runFinalizer(Lsun/misc/JavaLangAccess;)V (62 bytes) @ 0x0000000113342254 [0x0000000113341cc0+0x594]
J 1396 C1 java.lang.ref.Finalizer.access$100(Ljava/lang/ref/Finalizer;Lsun/misc/JavaLangAccess;)V (6 bytes) @ 0x000000011334195c [0x0000000113341900+0x5c]
j  java.lang.ref.Finalizer$FinalizerThread.run()V+45
v  ~StubRoutines::call_stub
V  [libjvm.dylib+0x2ee70a]
V  [libjvm.dylib+0x2eeeae]
V  [libjvm.dylib+0x2ef05a]
V  [libjvm.dylib+0x3497b1]
V  [libjvm.dylib+0x56c0b3]
V  [libjvm.dylib+0x56d7a0]
V  [libjvm.dylib+0x48baee]
C  [libsystem_pthread.dylib+0x393b]  _pthread_body+0xb4
C  [libsystem_pthread.dylib+0x3887]  _pthread_body+0x0
C  [libsystem_pthread.dylib+0x308d]  thread_start+0xd
C  0x0000000000000000

Java frames: (J=compiled Java code, j=interpreted, Vv=VM code)
j  com.jme3.bullet.PhysicsSpace.finalizeNative(J)V+0
j  com.jme3.bullet.PhysicsSpace.finalize()V+34
J 1397 C1 java.lang.ref.Finalizer.runFinalizer(Lsun/misc/JavaLangAccess;)V (62 bytes) @ 0x0000000113342254 [0x0000000113341cc0+0x594]
J 1396 C1 java.lang.ref.Finalizer.access$100(Ljava/lang/ref/Finalizer;Lsun/misc/JavaLangAccess;)V (6 bytes) @ 0x000000011334195c [0x0000000113341900+0x5c]
j  java.lang.ref.Finalizer$FinalizerThread.run()V+45
v  ~StubRoutines::call_stub

---------------  P R O C E S S  ---------------

Java Threads: ( => current thread )
  0x00007fd7caa47000 JavaThread "DestroyJavaVM" [_thread_blocked, id=6915, stack(0x000070000180d000,0x000070000190d000)]
  0x00007fd7c8392800 JavaThread "TimerQueue" daemon [_thread_blocked, id=80163, stack(0x00007000035f0000,0x00007000036f0000)]
  0x00007fd7c89d8000 JavaThread "Timer-0" daemon [_thread_blocked, id=64555, stack(0x0000700003367000,0x0000700003467000)]
  0x00007fd7ca1d1800 JavaThread "Java2D Disposer" daemon [_thread_blocked, id=62731, stack(0x0000700003264000,0x0000700003364000)]
  0x00007fd7c89cd800 JavaThread "Java2D Queue Flusher" daemon [_thread_blocked, id=61967, stack(0x00007000030de000,0x00007000031de000)]
  0x00007fd7c829f000 JavaThread "AWT-EventQueue-0" [_thread_blocked, id=55307, stack(0x0000700002fdb000,0x00007000030db000)]
  0x00007fd7cc028000 JavaThread "AWT-Shutdown" [_thread_blocked, id=32543, stack(0x0000700002d4f000,0x0000700002e4f000)]
  0x00007fd7c8204000 JavaThread "AppKit Thread" daemon [_thread_in_native, id=775, stack(0x00007fff582f6000,0x00007fff58af6000)]
  0x00007fd7ca95c000 JavaThread "Service Thread" daemon [_thread_blocked, id=21763, stack(0x0000700002ac6000,0x0000700002bc6000)]
  0x00007fd7cb017000 JavaThread "C1 CompilerThread3" daemon [_thread_blocked, id=21251, stack(0x00007000029c3000,0x0000700002ac3000)]
  0x00007fd7cb802000 JavaThread "C2 CompilerThread2" daemon [_thread_blocked, id=20739, stack(0x00007000028c0000,0x00007000029c0000)]
  0x00007fd7ca807000 JavaThread "C2 CompilerThread1" daemon [_thread_blocked, id=20227, stack(0x00007000027bd000,0x00007000028bd000)]
  0x00007fd7ca066000 JavaThread "C2 CompilerThread0" daemon [_thread_blocked, id=19715, stack(0x00007000026ba000,0x00007000027ba000)]
  0x00007fd7ca064800 JavaThread "Monitor Ctrl-Break" daemon [_thread_in_native, id=19203, stack(0x00007000025b7000,0x00007000026b7000)]
  0x00007fd7c880e800 JavaThread "Signal Dispatcher" daemon [_thread_blocked, id=18691, stack(0x00007000024b4000,0x00007000025b4000)]
=>0x00007fd7ca028000 JavaThread "Finalizer" daemon [_thread_in_native, id=14339, stack(0x000070000232e000,0x000070000242e000)]
  0x00007fd7ca025000 JavaThread "Reference Handler" daemon [_thread_blocked, id=13827, stack(0x000070000222b000,0x000070000232b000)]

Other Threads:
  0x00007fd7c8041800 VMThread [stack: 0x0000700002128000,0x0000700002228000] [id=13315]
  0x00007fd7cb017800 WatcherThread [stack: 0x0000700002bc9000,0x0000700002cc9000] [id=22275]

VM state:not at safepoint (normal execution)

VM Mutex/Monitor currently owned by a thread: None

Heap:
 PSYoungGen      total 299520K, used 6323K [0x000000076ab00000, 0x000000077f800000, 0x00000007c0000000)
  eden space 262144K, 2% used [0x000000076ab00000,0x000000076b12cc28,0x000000077ab00000)
  from space 37376K, 0% used [0x000000077d380000,0x000000077d380000,0x000000077f800000)
  to   space 39424K, 0% used [0x000000077ab00000,0x000000077ab00000,0x000000077d180000)
 ParOldGen       total 146944K, used 15433K [0x00000006c0000000, 0x00000006c8f80000, 0x000000076ab00000)
  object space 146944K, 10% used [0x00000006c0000000,0x00000006c0f12460,0x00000006c8f80000)
 Metaspace       used 20780K, capacity 21135K, committed 21504K, reserved 1069056K
  class space    used 2415K, capacity 2515K, committed 2560K, reserved 1048576K

Card table byte_map: [0x0000000109f67000,0x000000010a768000] byte_map_base: 0x0000000106967000

Marking Bits: (ParMarkBitMap*) 0x00000001094f35d0
 Begin Bits: [0x000000010acbe000, 0x000000010ecbe000)
 End Bits:   [0x000000010ecbe000, 0x0000000112cbe000)

Polling page: 0x0000000107172000

CodeCache: size=245760Kb used=9578Kb max_used=9578Kb free=236181Kb
 bounds [0x0000000112eb4000, 0x0000000113824000, 0x0000000121eb4000]
 total_blobs=3247 nmethods=2550 adapters=610
 compilation: enabled

Compilation events (10 events):
Event: 6.165 Thread 0x00007fd7cb017000 nmethod 2565 0x0000000113815fd0 code [0x0000000113816140, 0x0000000113816310]
Event: 6.165 Thread 0x00007fd7cb017000 2566       3       java.security.AccessControlContext::<init> (30 bytes)
Event: 6.166 Thread 0x00007fd7cb017000 nmethod 2566 0x0000000113816390 code [0x0000000113816500, 0x0000000113816710]
Event: 6.166 Thread 0x00007fd7cb017000 2567       1       sun.awt.image.SunVolatileImage::getWidth (5 bytes)
Event: 6.166 Thread 0x00007fd7cb017000 nmethod 2567 0x00000001138167d0 code [0x0000000113816920, 0x0000000113816a30]
Event: 6.166 Thread 0x00007fd7cb017000 2568       1       sun.java2d.pipe.Region::getHiX (5 bytes)
Event: 6.166 Thread 0x00007fd7cb017000 nmethod 2568 0x0000000113816a90 code [0x0000000113816be0, 0x0000000113816cf0]
Event: 6.166 Thread 0x00007fd7cb017000 2569       1       sun.java2d.pipe.Region::getHiY (5 bytes)
Event: 6.166 Thread 0x00007fd7cb017000 nmethod 2569 0x0000000113816d50 code [0x0000000113816ea0, 0x0000000113816fb0]
Event: 6.166 Thread 0x00007fd7cb017000 2570       1       sun.awt.image.SunVolatileImage::getHeight (5 bytes)

GC Heap History (10 events):
Event: 4.142 GC heap before
{Heap before GC invocations=3 (full 0):
 PSYoungGen      total 76288K, used 76273K [0x000000076ab00000, 0x0000000774000000, 0x00000007c0000000)
  eden space 65536K, 100% used [0x000000076ab00000,0x000000076eb00000,0x000000076eb00000)
  from space 10752K, 99% used [0x000000076f580000,0x000000076fffc4b8,0x0000000770000000)
  to   space 10752K, 0% used [0x000000076eb00000,0x000000076eb00000,0x000000076f580000)
 ParOldGen       total 175104K, used 3747K [0x00000006c0000000, 0x00000006cab00000, 0x000000076ab00000)
  object space 175104K, 2% used [0x00000006c0000000,0x00000006c03a8ea8,0x00000006cab00000)
 Metaspace       used 19857K, capacity 20187K, committed 20480K, reserved 1067008K
  class space    used 2331K, capacity 2439K, committed 2560K, reserved 1048576K
Event: 4.162 GC heap after
Heap after GC invocations=3 (full 0):
 PSYoungGen      total 76288K, used 10409K [0x000000076ab00000, 0x0000000774000000, 0x00000007c0000000)
  eden space 65536K, 0% used [0x000000076ab00000,0x000000076ab00000,0x000000076eb00000)
  from space 10752K, 96% used [0x000000076eb00000,0x000000076f52a6d8,0x000000076f580000)
  to   space 10752K, 0% used [0x0000000773580000,0x0000000773580000,0x0000000774000000)
 ParOldGen       total 175104K, used 52971K [0x00000006c0000000, 0x00000006cab00000, 0x000000076ab00000)
  object space 175104K, 30% used [0x00000006c0000000,0x00000006c33baee8,0x00000006cab00000)
 Metaspace       used 19857K, capacity 20187K, committed 20480K, reserved 1067008K
  class space    used 2331K, capacity 2439K, committed 2560K, reserved 1048576K
}
Event: 4.488 GC heap before
{Heap before GC invocations=4 (full 0):
 PSYoungGen      total 76288K, used 75945K [0x000000076ab00000, 0x0000000774000000, 0x00000007c0000000)
  eden space 65536K, 100% used [0x000000076ab00000,0x000000076eb00000,0x000000076eb00000)
  from space 10752K, 96% used [0x000000076eb00000,0x000000076f52a6d8,0x000000076f580000)
  to   space 10752K, 0% used [0x0000000773580000,0x0000000773580000,0x0000000774000000)
 ParOldGen       total 175104K, used 52971K [0x00000006c0000000, 0x00000006cab00000, 0x000000076ab00000)
  object space 175104K, 30% used [0x00000006c0000000,0x00000006c33baee8,0x00000006cab00000)
 Metaspace       used 19909K, capacity 20251K, committed 20480K, reserved 1067008K
  class space    used 2331K, capacity 2439K, committed 2560K, reserved 1048576K
Event: 4.508 GC heap after
Heap after GC invocations=4 (full 0):
 PSYoungGen      total 141824K, used 10746K [0x000000076ab00000, 0x0000000774000000, 0x00000007c0000000)
  eden space 131072K, 0% used [0x000000076ab00000,0x000000076ab00000,0x0000000772b00000)
  from space 10752K, 99% used [0x0000000773580000,0x0000000773ffe8f0,0x0000000774000000)
  to   space 10752K, 0% used [0x0000000772b00000,0x0000000772b00000,0x0000000773580000)
 ParOldGen       total 175104K, used 90236K [0x00000006c0000000, 0x00000006cab00000, 0x000000076ab00000)
  object space 175104K, 51% used [0x00000006c0000000,0x00000006c581f1f8,0x00000006cab00000)
 Metaspace       used 19909K, capacity 20251K, committed 20480K, reserved 1067008K
  class space    used 2331K, capacity 2439K, committed 2560K, reserved 1048576K
}
Event: 5.420 GC heap before
{Heap before GC invocations=5 (full 0):
 PSYoungGen      total 141824K, used 141818K [0x000000076ab00000, 0x0000000774000000, 0x00000007c0000000)
  eden space 131072K, 100% used [0x000000076ab00000,0x0000000772b00000,0x0000000772b00000)
  from space 10752K, 99% used [0x0000000773580000,0x0000000773ffe8f0,0x0000000774000000)
  to   space 10752K, 0% used [0x0000000772b00000,0x0000000772b00000,0x0000000773580000)
 ParOldGen       total 175104K, used 90236K [0x00000006c0000000, 0x00000006cab00000, 0x000000076ab00000)
  object space 175104K, 51% used [0x00000006c0000000,0x00000006c581f1f8,0x00000006cab00000)
 Metaspace       used 20338K, capacity 20691K, committed 20992K, reserved 1067008K
  class space    used 2353K, capacity 2475K, committed 2560K, reserved 1048576K
Event: 5.428 GC heap after
Heap after GC invocations=5 (full 0):
 PSYoungGen      total 141824K, used 9344K [0x000000076ab00000, 0x000000077fc00000, 0x00000007c0000000)
  eden space 131072K, 0% used [0x000000076ab00000,0x000000076ab00000,0x0000000772b00000)
  from space 10752K, 86% used [0x0000000772b00000,0x0000000773420358,0x0000000773580000)
  to   space 41472K, 0% used [0x000000077d380000,0x000000077d380000,0x000000077fc00000)
 ParOldGen       total 175104K, used 90244K [0x00000006c0000000, 0x00000006cab00000, 0x000000076ab00000)
  object space 175104K, 51% used [0x00000006c0000000,0x00000006c58211f8,0x00000006cab00000)
 Metaspace       used 20338K, capacity 20691K, committed 20992K, reserved 1067008K
  class space    used 2353K, capacity 2475K, committed 2560K, reserved 1048576K
}
Event: 6.118 GC heap before
{Heap before GC invocations=6 (full 0):
 PSYoungGen      total 141824K, used 136655K [0x000000076ab00000, 0x000000077fc00000, 0x00000007c0000000)
  eden space 131072K, 97% used [0x000000076ab00000,0x0000000772753998,0x0000000772b00000)
  from space 10752K, 86% used [0x0000000772b00000,0x0000000773420358,0x0000000773580000)
  to   space 41472K, 0% used [0x000000077d380000,0x000000077d380000,0x000000077fc00000)
 ParOldGen       total 175104K, used 90244K [0x00000006c0000000, 0x00000006cab00000, 0x000000076ab00000)
  object space 175104K, 51% used [0x00000006c0000000,0x00000006c58211f8,0x00000006cab00000)
 Metaspace       used 20778K, capacity 21071K, committed 21248K, reserved 1069056K
  class space    used 2415K, capacity 2515K, committed 2560K, reserved 1048576K
Event: 6.127 GC heap after
Heap after GC invocations=6 (full 0):
 PSYoungGen      total 299520K, used 12103K [0x000000076ab00000, 0x000000077f800000, 0x00000007c0000000)
  eden space 262144K, 0% used [0x000000076ab00000,0x000000076ab00000,0x000000077ab00000)
  from space 37376K, 32% used [0x000000077d380000,0x000000077df51df8,0x000000077f800000)
  to   space 39424K, 0% used [0x000000077ab00000,0x000000077ab00000,0x000000077d180000)
 ParOldGen       total 175104K, used 90252K [0x00000006c0000000, 0x00000006cab00000, 0x000000076ab00000)
  object space 175104K, 51% used [0x00000006c0000000,0x00000006c58231f8,0x00000006cab00000)
 Metaspace       used 20778K, capacity 21071K, committed 21248K, reserved 1069056K
  class space    used 2415K, capacity 2515K, committed 2560K, reserved 1048576K
}
Event: 6.127 GC heap before
{Heap before GC invocations=7 (full 1):
 PSYoungGen      total 299520K, used 12103K [0x000000076ab00000, 0x000000077f800000, 0x00000007c0000000)
  eden space 262144K, 0% used [0x000000076ab00000,0x000000076ab00000,0x000000077ab00000)
  from space 37376K, 32% used [0x000000077d380000,0x000000077df51df8,0x000000077f800000)
  to   space 39424K, 0% used [0x000000077ab00000,0x000000077ab00000,0x000000077d180000)
 ParOldGen       total 175104K, used 90252K [0x00000006c0000000, 0x00000006cab00000, 0x000000076ab00000)
  object space 175104K, 51% used [0x00000006c0000000,0x00000006c58231f8,0x00000006cab00000)
 Metaspace       used 20778K, capacity 21071K, committed 21248K, reserved 1069056K
  class space    used 2415K, capacity 2515K, committed 2560K, reserved 1048576K
Event: 6.159 GC heap after
Heap after GC invocations=7 (full 1):
 PSYoungGen      total 299520K, used 0K [0x000000076ab00000, 0x000000077f800000, 0x00000007c0000000)
  eden space 262144K, 0% used [0x000000076ab00000,0x000000076ab00000,0x000000077ab00000)
  from space 37376K, 0% used [0x000000077d380000,0x000000077d380000,0x000000077f800000)
  to   space 39424K, 0% used [0x000000077ab00000,0x000000077ab00000,0x000000077d180000)
 ParOldGen       total 146944K, used 15433K [0x00000006c0000000, 0x00000006c8f80000, 0x000000076ab00000)
  object space 146944K, 10% used [0x00000006c0000000,0x00000006c0f12460,0x00000006c8f80000)
 Metaspace       used 20778K, capacity 21071K, committed 21248K, reserved 1069056K
  class space    used 2415K, capacity 2515K, committed 2560K, reserved 1048576K
}

Deoptimization events (10 events):
Event: 5.605 Thread 0x00007fd7cb880000 Uncommon trap: reason=unstable_if action=reinterpret pc=0x000000011373357c method=com.jme3.scene.plugins.ogre.SkeletonLoader.startElement(Ljava/lang/String;Ljava/lang/String;Ljava/lang/String;Lorg/xml/sax/Attributes;)V @ 6
Event: 5.970 Thread 0x00007fd7cb880000 Uncommon trap: reason=unstable_if action=reinterpret pc=0x00000001136b86c8 method=com.jme3.scene.plugins.ogre.MeshLoader.pushBoneAssign(Ljava/lang/String;Ljava/lang/String;Ljava/lang/String;)V @ 86
Event: 6.002 Thread 0x00007fd7cb880000 Uncommon trap: reason=unstable_if action=reinterpret pc=0x0000000113722f20 method=com.jme3.util.IntMap.put(ILjava/lang/Object;)Ljava/lang/Object; @ 17
Event: 6.007 Thread 0x00007fd7cb880000 Uncommon trap: reason=unstable_if action=reinterpret pc=0x00000001134e5dc4 method=java.util.regex.Pattern$Branch.match(Ljava/util/regex/Matcher;ILjava/lang/CharSequence;)Z @ 9
Event: 6.008 Thread 0x00007fd7cb880000 Uncommon trap: reason=unstable_if action=reinterpret pc=0x0000000113761428 method=java.util.HashMap$HashIterator.<init>(Ljava/util/HashMap;)V @ 38
Event: 6.008 Thread 0x00007fd7cb880000 Uncommon trap: reason=predicate action=maybe_recompile pc=0x00000001134bd2d0 method=javax.imageio.stream.MemoryCache.loadFromStream(Ljava/io/InputStream;J)J @ 59
Event: 6.009 Thread 0x00007fd7cb880000 Uncommon trap: reason=predicate action=maybe_recompile pc=0x00000001134b824c method=javax.imageio.stream.MemoryCache.loadFromStream(Ljava/io/InputStream;J)J @ 59
Event: 6.021 Thread 0x00007fd7c829f000 Uncommon trap: reason=unstable_if action=reinterpret pc=0x000000011371e968 method=java.util.HashMap.clear()V @ 23
Event: 6.164 Thread 0x00007fd7c829f000 Uncommon trap: reason=class_check action=maybe_recompile pc=0x0000000113086cd8 method=java.lang.String.equals(Ljava/lang/Object;)Z @ 8
Event: 6.164 Thread 0x00007fd7c829f000 Uncommon trap: reason=class_check action=maybe_recompile pc=0x0000000113086cd8 method=java.lang.String.equals(Ljava/lang/Object;)Z @ 8

Internal exceptions (10 events):
Event: 3.418 Thread 0x00007fd7cb880000 Exception <a 'org/lwjgl/LWJGLException': Could not load OpenAL library> (0x000000076d82ba48) thrown at [/Users/java_re/workspace/8-2-build-macosx-x86_64/jdk8u144/9417/hotspot/src/share/vm/prims/jni.cpp, line 735]
Event: 3.419 Thread 0x00007fd7cb880000 Exception <a 'org/lwjgl/LWJGLException': Could not load OpenAL library> (0x000000076d82bff8) thrown at [/Users/java_re/workspace/8-2-build-macosx-x86_64/jdk8u144/9417/hotspot/src/share/vm/prims/jni.cpp, line 735]
Event: 3.419 Thread 0x00007fd7cb880000 Exception <a 'org/lwjgl/LWJGLException': Could not load OpenAL library> (0x000000076d82c4e0) thrown at [/Users/java_re/workspace/8-2-build-macosx-x86_64/jdk8u144/9417/hotspot/src/share/vm/prims/jni.cpp, line 735]
Event: 3.419 Thread 0x00007fd7cb880000 Exception <a 'org/lwjgl/LWJGLException': Could not load OpenAL library> (0x000000076d82ca08) thrown at [/Users/java_re/workspace/8-2-build-macosx-x86_64/jdk8u144/9417/hotspot/src/share/vm/prims/jni.cpp, line 735]
Event: 3.419 Thread 0x00007fd7cb880000 Exception <a 'org/lwjgl/LWJGLException': Could not load OpenAL library> (0x000000076d82cf28) thrown at [/Users/java_re/workspace/8-2-build-macosx-x86_64/jdk8u144/9417/hotspot/src/share/vm/prims/jni.cpp, line 735]
Event: 3.419 Thread 0x00007fd7cb880000 Exception <a 'org/lwjgl/LWJGLException': Could not load OpenAL library> (0x000000076d82d3b8) thrown at [/Users/java_re/workspace/8-2-build-macosx-x86_64/jdk8u144/9417/hotspot/src/share/vm/prims/jni.cpp, line 735]
Event: 3.419 Thread 0x00007fd7cb880000 Exception <a 'org/lwjgl/LWJGLException': Could not load OpenAL library> (0x000000076d82d808) thrown at [/Users/java_re/workspace/8-2-build-macosx-x86_64/jdk8u144/9417/hotspot/src/share/vm/prims/jni.cpp, line 735]
Event: 3.419 Thread 0x00007fd7cb880000 Exception <a 'org/lwjgl/LWJGLException': Could not load OpenAL library> (0x000000076d82dde8) thrown at [/Users/java_re/workspace/8-2-build-macosx-x86_64/jdk8u144/9417/hotspot/src/share/vm/prims/jni.cpp, line 735]
Event: 6.008 Thread 0x00007fd7cb880000 Implicit null exception at 0x00000001137611c6 to 0x0000000113761411
Event: 6.028 Thread 0x00007fd7c8587800 Exception <a 'java/lang/InterruptedException': sleep interrupted> (0x000000077237c910) thrown at [/Users/java_re/workspace/8-2-build-macosx-x86_64/jdk8u144/9417/hotspot/src/share/vm/prims/jvm.cpp, line 3228]

Events (10 events):
Event: 6.160 Executing VM operation: RevokeBias
Event: 6.160 Executing VM operation: RevokeBias done
Event: 6.160 Executing VM operation: BulkRevokeBias
Event: 6.160 Executing VM operation: BulkRevokeBias done
Event: 6.164 Thread 0x00007fd7c829f000 Uncommon trap: trap_request=0xffffffde fr.pc=0x0000000113086cd8
Event: 6.164 Thread 0x00007fd7c829f000 DEOPT PACKING pc=0x0000000113086cd8 sp=0x00007000030d7d00
Event: 6.164 Thread 0x00007fd7c829f000 DEOPT UNPACKING pc=0x0000000112eb9229 sp=0x00007000030d7ca0 mode 2
Event: 6.164 Thread 0x00007fd7c829f000 Uncommon trap: trap_request=0xffffffde fr.pc=0x0000000113086cd8
Event: 6.164 Thread 0x00007fd7c829f000 DEOPT PACKING pc=0x0000000113086cd8 sp=0x00007000030d7d70
Event: 6.164 Thread 0x00007fd7c829f000 DEOPT UNPACKING pc=0x0000000112eb9229 sp=0x00007000030d7d10 mode 2


Dynamic libraries:
0x0000000017a61000 	/System/Library/Frameworks/Cocoa.framework/Versions/A/Cocoa
0x0000000017a61000 	/System/Library/Frameworks/Security.framework/Versions/A/Security
0x0000000017a61000 	/System/Library/Frameworks/ApplicationServices.framework/Versions/A/ApplicationServices
0x0000000017a61000 	/usr/lib/libz.1.dylib
0x0000000107126000 	/usr/lib/libSystem.B.dylib
0x0000000017a61000 	/usr/lib/libobjc.A.dylib
0x0000000017a61000 	/System/Library/Frameworks/CoreFoundation.framework/Versions/A/CoreFoundation
0x0000000017a61000 	/System/Library/Frameworks/Foundation.framework/Versions/C/Foundation
0x000000010712d000 	/Library/Application Support/Cylance/Desktop/CyMemDef.dylib
0x0000000017a61000 	/System/Library/Frameworks/AppKit.framework/Versions/C/AppKit
0x0000000017a61000 	/System/Library/Frameworks/CoreData.framework/Versions/A/CoreData
0x0000000017a61000 	/System/Library/PrivateFrameworks/RemoteViewServices.framework/Versions/A/RemoteViewServices
0x0000000017a61000 	/System/Library/PrivateFrameworks/UIFoundation.framework/Versions/A/UIFoundation
0x0000000017a61000 	/System/Library/PrivateFrameworks/DFRFoundation.framework/Versions/A/DFRFoundation
0x0000000017a61000 	/usr/lib/libenergytrace.dylib
0x0000000017a61000 	/System/Library/PrivateFrameworks/SkyLight.framework/Versions/A/SkyLight
0x0000000017a61000 	/System/Library/Frameworks/CoreGraphics.framework/Versions/A/CoreGraphics
0x0000000017a61000 	/usr/lib/libScreenReader.dylib
0x0000000017a61000 	/System/Library/Frameworks/Accelerate.framework/Versions/A/Accelerate
0x0000000017a61000 	/System/Library/Frameworks/IOSurface.framework/Versions/A/IOSurface
0x0000000017a61000 	/System/Library/Frameworks/AudioToolbox.framework/Versions/A/AudioToolbox
0x0000000017a61000 	/System/Library/Frameworks/AudioUnit.framework/Versions/A/AudioUnit
0x0000000017a61000 	/System/Library/PrivateFrameworks/DataDetectorsCore.framework/Versions/A/DataDetectorsCore
0x0000000017a61000 	/System/Library/PrivateFrameworks/DesktopServicesPriv.framework/Versions/A/DesktopServicesPriv
0x0000000017a61000 	/System/Library/Frameworks/Carbon.framework/Versions/A/Frameworks/HIToolbox.framework/Versions/A/HIToolbox
0x0000000017a61000 	/usr/lib/libicucore.A.dylib
0x0000000017a61000 	/System/Library/Frameworks/QuartzCore.framework/Versions/A/QuartzCore
0x0000000017a61000 	/System/Library/Frameworks/Carbon.framework/Versions/A/Frameworks/SpeechRecognition.framework/Versions/A/SpeechRecognition
0x0000000017a61000 	/usr/lib/libauto.dylib
0x0000000017a61000 	/usr/lib/libxml2.2.dylib
0x0000000017a61000 	/System/Library/PrivateFrameworks/CoreUI.framework/Versions/A/CoreUI
0x0000000017a61000 	/System/Library/Frameworks/CoreAudio.framework/Versions/A/CoreAudio
0x0000000017a61000 	/System/Library/Frameworks/DiskArbitration.framework/Versions/A/DiskArbitration
0x0000000017a61000 	/usr/lib/liblangid.dylib
0x0000000017a61000 	/System/Library/PrivateFrameworks/MultitouchSupport.framework/Versions/A/MultitouchSupport
0x0000000107173000 	/System/Library/Frameworks/IOKit.framework/Versions/A/IOKit
0x0000000017a61000 	/usr/lib/libDiagnosticMessagesClient.dylib
0x0000000017a61000 	/System/Library/Frameworks/CoreServices.framework/Versions/A/CoreServices
0x0000000017a61000 	/System/Library/PrivateFrameworks/PerformanceAnalysis.framework/Versions/A/PerformanceAnalysis
0x0000000017a61000 	/System/Library/PrivateFrameworks/GenerationalStorage.framework/Versions/A/GenerationalStorage
0x0000000017a61000 	/System/Library/Frameworks/OpenGL.framework/Versions/A/OpenGL
0x0000000017a61000 	/System/Library/Frameworks/CoreImage.framework/Versions/A/CoreImage
0x0000000017a61000 	/System/Library/Frameworks/CoreText.framework/Versions/A/CoreText
0x0000000017a61000 	/System/Library/Frameworks/ImageIO.framework/Versions/A/ImageIO
0x0000000017a61000 	/System/Library/PrivateFrameworks/Backup.framework/Versions/A/Backup
0x0000000017a61000 	/usr/lib/libarchive.2.dylib
0x000000010724f000 	/System/Library/Frameworks/CFNetwork.framework/Versions/A/CFNetwork
0x0000000017a61000 	/System/Library/Frameworks/SystemConfiguration.framework/Versions/A/SystemConfiguration
0x0000000017a61000 	/usr/lib/libCRFSuite.dylib
0x0000000017a61000 	/usr/lib/libc++.1.dylib
0x0000000017a61000 	/usr/lib/libc++abi.dylib
0x0000000017a61000 	/usr/lib/system/libcache.dylib
0x0000000017a61000 	/usr/lib/system/libcommonCrypto.dylib
0x0000000017a61000 	/usr/lib/system/libcompiler_rt.dylib
0x0000000017a61000 	/usr/lib/system/libcopyfile.dylib
0x0000000017a61000 	/usr/lib/system/libcorecrypto.dylib
0x0000000017a61000 	/usr/lib/system/libdispatch.dylib
0x0000000107955000 	/usr/lib/system/libdyld.dylib
0x0000000017a61000 	/usr/lib/system/libkeymgr.dylib
0x0000000017a61000 	/usr/lib/system/liblaunch.dylib
0x0000000017a61000 	/usr/lib/system/libmacho.dylib
0x0000000017a61000 	/usr/lib/system/libquarantine.dylib
0x0000000017a61000 	/usr/lib/system/libremovefile.dylib
0x0000000017a61000 	/usr/lib/system/libsystem_asl.dylib
0x0000000017a61000 	/usr/lib/system/libsystem_blocks.dylib
0x0000000017a61000 	/usr/lib/system/libsystem_c.dylib
0x0000000017a61000 	/usr/lib/system/libsystem_configuration.dylib
0x0000000017a61000 	/usr/lib/system/libsystem_coreservices.dylib
0x0000000017a61000 	/usr/lib/system/libsystem_coretls.dylib
0x0000000017a61000 	/usr/lib/system/libsystem_dnssd.dylib
0x0000000017a61000 	/usr/lib/system/libsystem_info.dylib
0x0000000107967000 	/usr/lib/system/libsystem_kernel.dylib
0x0000000017a61000 	/usr/lib/system/libsystem_m.dylib
0x0000000017a61000 	/usr/lib/system/libsystem_malloc.dylib
0x0000000017a61000 	/usr/lib/system/libsystem_network.dylib
0x0000000017a61000 	/usr/lib/system/libsystem_networkextension.dylib
0x0000000017a61000 	/usr/lib/system/libsystem_notify.dylib
0x0000000017a61000 	/usr/lib/system/libsystem_platform.dylib
0x0000000017a61000 	/usr/lib/system/libsystem_pthread.dylib
0x00000001079a6000 	/usr/lib/system/libsystem_sandbox.dylib
0x0000000017a61000 	/usr/lib/system/libsystem_secinit.dylib
0x0000000017a61000 	/usr/lib/system/libsystem_symptoms.dylib
0x0000000017a61000 	/usr/lib/system/libsystem_trace.dylib
0x0000000017a61000 	/usr/lib/system/libunwind.dylib
0x0000000017a61000 	/usr/lib/system/libxpc.dylib
0x0000000017a61000 	/usr/lib/libbsm.0.dylib
0x00000001079b6000 	/usr/lib/system/libkxld.dylib
0x0000000017a61000 	/usr/lib/libcoretls.dylib
0x0000000017a61000 	/usr/lib/libcoretls_cfhelpers.dylib
0x0000000017a61000 	/usr/lib/libOpenScriptingUtil.dylib
0x0000000017a61000 	/usr/lib/libpam.2.dylib
0x0000000017a61000 	/usr/lib/libsqlite3.dylib
0x0000000017a61000 	/usr/lib/libxar.1.dylib
0x0000000017a61000 	/usr/lib/libbz2.1.0.dylib
0x0000000017a61000 	/usr/lib/liblzma.5.dylib
0x0000000017a61000 	/usr/lib/libnetwork.dylib
0x0000000017a61000 	/usr/lib/libpcap.A.dylib
0x0000000017a61000 	/System/Library/Frameworks/CoreServices.framework/Versions/A/Frameworks/FSEvents.framework/Versions/A/FSEvents
0x0000000017a61000 	/System/Library/Frameworks/CoreServices.framework/Versions/A/Frameworks/CarbonCore.framework/Versions/A/CarbonCore
0x0000000017a61000 	/System/Library/Frameworks/CoreServices.framework/Versions/A/Frameworks/Metadata.framework/Versions/A/Metadata
0x0000000017a61000 	/System/Library/Frameworks/CoreServices.framework/Versions/A/Frameworks/OSServices.framework/Versions/A/OSServices
0x0000000017a61000 	/System/Library/Frameworks/CoreServices.framework/Versions/A/Frameworks/SearchKit.framework/Versions/A/SearchKit
0x0000000017a61000 	/System/Library/Frameworks/CoreServices.framework/Versions/A/Frameworks/AE.framework/Versions/A/AE
0x0000000017a61000 	/System/Library/Frameworks/CoreServices.framework/Versions/A/Frameworks/LaunchServices.framework/Versions/A/LaunchServices
0x0000000017a61000 	/System/Library/Frameworks/CoreServices.framework/Versions/A/Frameworks/DictionaryServices.framework/Versions/A/DictionaryServices
0x0000000017a61000 	/System/Library/Frameworks/CoreServices.framework/Versions/A/Frameworks/SharedFileList.framework/Versions/A/SharedFileList
0x0000000017a61000 	/System/Library/Frameworks/NetFS.framework/Versions/A/NetFS
0x0000000017a61000 	/System/Library/PrivateFrameworks/NetAuth.framework/Versions/A/NetAuth
0x0000000017a61000 	/System/Library/PrivateFrameworks/login.framework/Versions/A/Frameworks/loginsupport.framework/Versions/A/loginsupport
0x0000000017a61000 	/System/Library/PrivateFrameworks/TCC.framework/Versions/A/TCC
0x0000000017a61000 	/usr/lib/libmecabra.dylib
0x0000000017a61000 	/System/Library/Frameworks/ApplicationServices.framework/Versions/A/Frameworks/ATS.framework/Versions/A/ATS
0x0000000017a61000 	/System/Library/Frameworks/ApplicationServices.framework/Versions/A/Frameworks/ColorSync.framework/Versions/A/ColorSync
0x0000000017a61000 	/System/Library/Frameworks/ApplicationServices.framework/Versions/A/Frameworks/HIServices.framework/Versions/A/HIServices
0x0000000017a61000 	/System/Library/Frameworks/ApplicationServices.framework/Versions/A/Frameworks/LangAnalysis.framework/Versions/A/LangAnalysis
0x0000000017a61000 	/System/Library/Frameworks/ApplicationServices.framework/Versions/A/Frameworks/PrintCore.framework/Versions/A/PrintCore
0x0000000017a61000 	/System/Library/Frameworks/ApplicationServices.framework/Versions/A/Frameworks/QD.framework/Versions/A/QD
0x0000000017a61000 	/System/Library/Frameworks/ApplicationServices.framework/Versions/A/Frameworks/SpeechSynthesis.framework/Versions/A/SpeechSynthesis
0x0000000017a61000 	/System/Library/Frameworks/Accelerate.framework/Versions/A/Frameworks/vImage.framework/Versions/A/vImage
0x0000000017a61000 	/System/Library/Frameworks/Accelerate.framework/Versions/A/Frameworks/vecLib.framework/Versions/A/vecLib
0x0000000017a61000 	/System/Library/Frameworks/Accelerate.framework/Versions/A/Frameworks/vecLib.framework/Versions/A/libvDSP.dylib
0x0000000017a61000 	/System/Library/Frameworks/Accelerate.framework/Versions/A/Frameworks/vecLib.framework/Versions/A/libBNNS.dylib
0x0000000017a61000 	/System/Library/Frameworks/Accelerate.framework/Versions/A/Frameworks/vecLib.framework/Versions/A/libQuadrature.dylib
0x0000000017a61000 	/System/Library/Frameworks/Accelerate.framework/Versions/A/Frameworks/vecLib.framework/Versions/A/libvMisc.dylib
0x0000000017a61000 	/System/Library/Frameworks/Accelerate.framework/Versions/A/Frameworks/vecLib.framework/Versions/A/libLAPACK.dylib
0x0000000017a61000 	/System/Library/Frameworks/Accelerate.framework/Versions/A/Frameworks/vecLib.framework/Versions/A/libBLAS.dylib
0x0000000017a61000 	/System/Library/Frameworks/Accelerate.framework/Versions/A/Frameworks/vecLib.framework/Versions/A/libLinearAlgebra.dylib
0x0000000017a61000 	/System/Library/Frameworks/Accelerate.framework/Versions/A/Frameworks/vecLib.framework/Versions/A/libSparseBLAS.dylib
0x0000000017a61000 	/System/Library/Frameworks/ApplicationServices.framework/Versions/A/Frameworks/ATS.framework/Versions/A/Resources/libFontParser.dylib
0x0000000017a61000 	/System/Library/Frameworks/ApplicationServices.framework/Versions/A/Frameworks/ATS.framework/Versions/A/Resources/libFontRegistry.dylib
0x0000000017a61000 	/System/Library/Frameworks/ImageIO.framework/Versions/A/Resources/libJPEG.dylib
0x0000000017a61000 	/System/Library/Frameworks/ImageIO.framework/Versions/A/Resources/libTIFF.dylib
0x0000000017a61000 	/System/Library/Frameworks/ImageIO.framework/Versions/A/Resources/libPng.dylib
0x0000000017a61000 	/System/Library/Frameworks/ImageIO.framework/Versions/A/Resources/libGIF.dylib
0x0000000017a61000 	/System/Library/Frameworks/ImageIO.framework/Versions/A/Resources/libJP2.dylib
0x0000000017a61000 	/System/Library/Frameworks/ImageIO.framework/Versions/A/Resources/libRadiance.dylib
0x0000000017a61000 	/usr/lib/libcompression.dylib
0x0000000017a61000 	/System/Library/PrivateFrameworks/AppleJPEG.framework/Versions/A/AppleJPEG
0x0000000017a61000 	/usr/lib/libcups.2.dylib
0x0000000017a61000 	/System/Library/Frameworks/Kerberos.framework/Versions/A/Kerberos
0x0000000017a61000 	/System/Library/Frameworks/GSS.framework/Versions/A/GSS
0x0000000017a61000 	/usr/lib/libresolv.9.dylib
0x0000000017a61000 	/usr/lib/libiconv.2.dylib
0x0000000017a61000 	/System/Library/PrivateFrameworks/Heimdal.framework/Versions/A/Heimdal
0x0000000017a61000 	/usr/lib/libheimdal-asn1.dylib
0x0000000017a61000 	/System/Library/Frameworks/OpenDirectory.framework/Versions/A/OpenDirectory
0x0000000017a61000 	/System/Library/PrivateFrameworks/CommonAuth.framework/Versions/A/CommonAuth
0x0000000017a61000 	/System/Library/Frameworks/OpenDirectory.framework/Versions/A/Frameworks/CFOpenDirectory.framework/Versions/A/CFOpenDirectory
0x0000000017a61000 	/System/Library/Frameworks/SecurityFoundation.framework/Versions/A/SecurityFoundation
0x0000000017a61000 	/System/Library/PrivateFrameworks/LanguageModeling.framework/Versions/A/LanguageModeling
0x0000000017a61000 	/usr/lib/libmarisa.dylib
0x0000000017a61000 	/usr/lib/libChineseTokenizer.dylib
0x0000000017a61000 	/usr/lib/libcmph.dylib
0x0000000017a61000 	/System/Library/PrivateFrameworks/CoreEmoji.framework/Versions/A/CoreEmoji
0x0000000017a61000 	/System/Library/Frameworks/ServiceManagement.framework/Versions/A/ServiceManagement
0x0000000017a61000 	/usr/lib/libxslt.1.dylib
0x0000000017a61000 	/System/Library/Frameworks/Carbon.framework/Versions/A/Frameworks/Ink.framework/Versions/A/Ink
0x0000000017a61000 	/System/Library/PrivateFrameworks/TextureIO.framework/Versions/A/TextureIO
0x0000000017a61000 	/System/Library/Frameworks/Metal.framework/Versions/A/Metal
0x0000000017a61000 	/usr/lib/libate.dylib
0x0000000017a61000 	/System/Library/PrivateFrameworks/GPUCompiler.framework/libmetal_timestamp.dylib
0x0000000017a61000 	/System/Library/Frameworks/OpenGL.framework/Versions/A/Libraries/libCoreFSCache.dylib
0x0000000017a61000 	/System/Library/PrivateFrameworks/IOAccelerator.framework/Versions/A/IOAccelerator
0x0000000017a61000 	/System/Library/Frameworks/CoreVideo.framework/Versions/A/CoreVideo
0x0000000017a61000 	/usr/lib/libFosl_dynamic.dylib
0x0000000017a61000 	/System/Library/PrivateFrameworks/MetalPerformanceShaders.framework/Versions/A/MetalPerformanceShaders
0x0000000017a61000 	/System/Library/PrivateFrameworks/FaceCore.framework/Versions/A/FaceCore
0x0000000017a61000 	/System/Library/Frameworks/OpenCL.framework/Versions/A/OpenCL
0x0000000017a61000 	/System/Library/Frameworks/OpenGL.framework/Versions/A/Libraries/libGLU.dylib
0x0000000017a61000 	/System/Library/Frameworks/OpenGL.framework/Versions/A/Libraries/libGFXShared.dylib
0x0000000017a61000 	/System/Library/Frameworks/OpenGL.framework/Versions/A/Libraries/libGL.dylib
0x0000000017a61000 	/System/Library/Frameworks/OpenGL.framework/Versions/A/Libraries/libGLImage.dylib
0x0000000017a61000 	/System/Library/Frameworks/OpenGL.framework/Versions/A/Libraries/libCVMSPluginSupport.dylib
0x0000000017a61000 	/System/Library/Frameworks/OpenGL.framework/Versions/A/Libraries/libCoreVMClient.dylib
0x0000000017a61000 	/System/Library/PrivateFrameworks/CrashReporterSupport.framework/Versions/A/CrashReporterSupport
0x0000000017a61000 	/System/Library/PrivateFrameworks/Sharing.framework/Versions/A/Sharing
0x0000000017a61000 	/System/Library/PrivateFrameworks/IconServices.framework/Versions/A/IconServices
0x0000000017a61000 	/System/Library/PrivateFrameworks/ProtocolBuffer.framework/Versions/A/ProtocolBuffer
0x0000000017a61000 	/System/Library/PrivateFrameworks/Apple80211.framework/Versions/A/Apple80211
0x0000000017a61000 	/System/Library/Frameworks/CoreWLAN.framework/Versions/A/CoreWLAN
0x0000000017a61000 	/System/Library/PrivateFrameworks/CoreUtils.framework/Versions/A/CoreUtils
0x0000000017a61000 	/System/Library/Frameworks/IOBluetooth.framework/Versions/A/IOBluetooth
0x0000000017a61000 	/System/Library/PrivateFrameworks/CoreWiFi.framework/Versions/A/CoreWiFi
0x0000000017a61000 	/System/Library/Frameworks/CoreBluetooth.framework/Versions/A/CoreBluetooth
0x0000000017a61000 	/System/Library/Frameworks/CoreDisplay.framework/Versions/A/CoreDisplay
0x0000000017a61000 	/System/Library/PrivateFrameworks/IOPresentment.framework/Versions/A/IOPresentment
0x0000000017a61000 	/System/Library/PrivateFrameworks/DSExternalDisplay.framework/Versions/A/DSExternalDisplay
0x0000000017a61000 	/System/Library/PrivateFrameworks/DebugSymbols.framework/Versions/A/DebugSymbols
0x0000000017a61000 	/System/Library/PrivateFrameworks/CoreSymbolication.framework/Versions/A/CoreSymbolication
0x0000000017a61000 	/System/Library/PrivateFrameworks/Symbolication.framework/Versions/A/Symbolication
0x0000000017a61000 	/System/Library/PrivateFrameworks/AppleFSCompression.framework/Versions/A/AppleFSCompression
0x0000000017a61000 	/System/Library/PrivateFrameworks/SpeechRecognitionCore.framework/Versions/A/SpeechRecognitionCore
0x0000000017a61000 	/System/Library/PrivateFrameworks/ChunkingLibrary.framework/Versions/A/ChunkingLibrary
0x0000000108c00000 	/Library/Java/JavaVirtualMachines/jdk1.8.0_144.jdk/Contents/Home/jre/lib/server/libjvm.dylib
0x0000000017a61000 	/usr/lib/libstdc++.6.dylib
0x0000000107a24000 	/Library/Java/JavaVirtualMachines/jdk1.8.0_144.jdk/Contents/Home/jre/lib/libverify.dylib
0x0000000107a32000 	/Library/Java/JavaVirtualMachines/jdk1.8.0_144.jdk/Contents/Home/jre/lib/libjava.dylib
0x0000000107a67000 	/Library/Java/JavaVirtualMachines/jdk1.8.0_144.jdk/Contents/Home/jre/lib/libinstrument.dylib
0x0000000107ac3000 	/Library/Java/JavaVirtualMachines/jdk1.8.0_144.jdk/Contents/Home/jre/lib/libzip.dylib
0x0000000112e0f000 	/System/Library/Frameworks/JavaVM.framework/Frameworks/JavaRuntimeSupport.framework/JavaRuntimeSupport
0x0000000124bba000 	/System/Library/Frameworks/JavaVM.framework/Versions/A/Frameworks/JavaNativeFoundation.framework/Versions/A/JavaNativeFoundation
0x0000000107bed000 	/System/Library/Frameworks/JavaVM.framework/Versions/A/JavaVM
0x0000000017a61000 	/System/Library/Frameworks/Carbon.framework/Versions/A/Carbon
0x0000000124bcf000 	/System/Library/PrivateFrameworks/JavaLaunching.framework/Versions/A/JavaLaunching
0x0000000017a61000 	/System/Library/Frameworks/Carbon.framework/Versions/A/Frameworks/CommonPanels.framework/Versions/A/CommonPanels
0x0000000017a61000 	/System/Library/Frameworks/Carbon.framework/Versions/A/Frameworks/Help.framework/Versions/A/Help
0x0000000017a61000 	/System/Library/Frameworks/Carbon.framework/Versions/A/Frameworks/ImageCapture.framework/Versions/A/ImageCapture
0x0000000017a61000 	/System/Library/Frameworks/Carbon.framework/Versions/A/Frameworks/OpenScripting.framework/Versions/A/OpenScripting
0x0000000017a61000 	/System/Library/Frameworks/Carbon.framework/Versions/A/Frameworks/Print.framework/Versions/A/Print
0x0000000017a61000 	/System/Library/Frameworks/Carbon.framework/Versions/A/Frameworks/SecurityHI.framework/Versions/A/SecurityHI
0x00000001266e7000 	/Library/Java/JavaVirtualMachines/jdk1.8.0_144.jdk/Contents/Home/jre/lib/libnet.dylib
0x000000012674b000 	/Library/Java/JavaVirtualMachines/jdk1.8.0_144.jdk/Contents/Home/jre/lib/libawt.dylib
0x00000001267f3000 	/Library/Java/JavaVirtualMachines/jdk1.8.0_144.jdk/Contents/Home/jre/lib/./libmlib_image.dylib
0x00000001268bf000 	/Library/Java/JavaVirtualMachines/jdk1.8.0_144.jdk/Contents/Home/jre/lib/libawt_lwawt.dylib
0x0000000126976000 	/Library/Java/JavaVirtualMachines/jdk1.8.0_144.jdk/Contents/Home/jre/lib/./libosxapp.dylib
0x0000000017a61000 	/System/Library/Frameworks/ExceptionHandling.framework/Versions/A/ExceptionHandling
0x0000000017a61000 	/System/Library/PrivateFrameworks/CoreServicesInternal.framework/Versions/A/CoreServicesInternal
0x0000000017a61000 	/System/Library/CoreServices/RawCamera.bundle/Contents/MacOS/RawCamera
0x0000000017a61000 	/System/Library/Frameworks/Accelerate.framework/Versions/A/Frameworks/vImage.framework/Versions/A/Libraries/libCGInterfaces.dylib
0x0000000017a61000 	/System/Library/Frameworks/ApplicationServices.framework/Versions/A/Frameworks/ATS.framework/Versions/A/Resources/libTrueTypeScaler.dylib
0x0000000128a4a000 	/System/Library/Frameworks/OpenGL.framework/Resources/GLEngine.bundle/GLEngine
0x0000000017a61000 	/System/Library/Frameworks/OpenGL.framework/Versions/A/Libraries/libGLProgrammability.dylib
0x0000000128c2f000 	/System/Library/Extensions/AppleIntelSKLGraphicsGLDriver.bundle/Contents/MacOS/AppleIntelSKLGraphicsGLDriver
0x0000000017a61000 	/System/Library/PrivateFrameworks/GPUSupport.framework/Versions/A/Libraries/libGPUSupportMercury.dylib
0x00000001299b3000 	/System/Library/Extensions/AMDRadeonX4000GLDriver.bundle/Contents/MacOS/AMDRadeonX4000GLDriver
0x0000000129a93000 	/System/Library/Extensions/AMDRadeonX4000GLDriver.bundle/Contents/MacOS/ATIRadeonX4000SCLib.dylib
0x0000000127ad4000 	/System/Library/Frameworks/OpenGL.framework/Resources//GLRendererFloat.bundle/GLRendererFloat
0x0000000017a61000 	/System/Library/Frameworks/OpenCL.framework/Versions/A/Libraries/libcldcpuengine.dylib
0x0000000017a61000 	/usr/lib/libcrypto.0.9.8.dylib
0x0000000017a61000 	/System/Library/PrivateFrameworks/TrustEvaluationAgent.framework/Versions/A/TrustEvaluationAgent
0x0000000017a61000 	/System/Library/Extensions/AMDMTLBronzeDriver.bundle/Contents/MacOS/AMDMTLBronzeDriver
0x0000000017a61000 	/System/Library/PrivateFrameworks/IOAccelMemoryInfo.framework/Versions/A/IOAccelMemoryInfo
0x000000012a070000 	/System/Library/Extensions/AppleIntelSKLGraphicsMTLDriver.bundle/Contents/MacOS/AppleIntelSKLGraphicsMTLDriver
0x0000000017a61000 	/System/Library/PrivateFrameworks/FamilyControls.framework/Versions/A/FamilyControls
0x0000000017a61000 	/System/Library/PrivateFrameworks/CommerceKit.framework/Versions/A/Frameworks/CommerceCore.framework/Versions/A/CommerceCore
0x0000000017a61000 	/System/Library/PrivateFrameworks/SystemAdministration.framework/Versions/A/SystemAdministration
0x0000000017a61000 	/System/Library/PrivateFrameworks/AppContainer.framework/Versions/A/AppContainer
0x0000000017a61000 	/System/Library/PrivateFrameworks/SecCodeWrapper.framework/Versions/A/SecCodeWrapper
0x0000000017a61000 	/System/Library/Frameworks/DirectoryService.framework/Versions/A/DirectoryService
0x0000000017a61000 	/System/Library/PrivateFrameworks/DiskImages.framework/Versions/A/DiskImages
0x0000000017a61000 	/System/Library/PrivateFrameworks/LoginUIKit.framework/Versions/A/Frameworks/LoginUICore.framework/Versions/A/LoginUICore
0x0000000017a61000 	/usr/lib/libCoreStorage.dylib
0x0000000017a61000 	/usr/lib/libcsfde.dylib
0x0000000017a61000 	/usr/lib/libodfde.dylib
0x0000000017a61000 	/System/Library/Frameworks/DiscRecording.framework/Versions/A/DiscRecording
0x0000000017a61000 	/usr/lib/libcurl.4.dylib
0x0000000017a61000 	/System/Library/PrivateFrameworks/MediaKit.framework/Versions/A/MediaKit
0x0000000017a61000 	/System/Library/PrivateFrameworks/ProtectedCloudStorage.framework/Versions/A/ProtectedCloudStorage
0x0000000017a61000 	/System/Library/PrivateFrameworks/EFILogin.framework/Versions/A/EFILogin
0x0000000017a61000 	/usr/lib/libutil.dylib
0x0000000017a61000 	/System/Library/Frameworks/LDAP.framework/Versions/A/LDAP
0x0000000017a61000 	/usr/lib/libsasl2.2.dylib
0x0000000017a61000 	/System/Library/PrivateFrameworks/CoreDaemon.framework/Versions/B/CoreDaemon
0x0000000017a61000 	/System/Library/PrivateFrameworks/AppleSRP.framework/Versions/A/AppleSRP
0x0000000017a61000 	/System/Library/PrivateFrameworks/APFS.framework/Versions/A/APFS
0x000000012b82c000 	/Library/Java/JavaVirtualMachines/jdk1.8.0_144.jdk/Contents/Home/jre/lib/libfontmanager.dylib
0x000000012ba6e000 	/Library/Java/JavaVirtualMachines/jdk1.8.0_144.jdk/Contents/Home/jre/lib/libosxui.dylib
0x000000012c731000 	/Library/Java/JavaVirtualMachines/jdk1.8.0_144.jdk/Contents/Home/jre/lib/libosx.dylib
0x0000000017a61000 	/System/Library/PrivateFrameworks/ViewBridge.framework/Versions/A/ViewBridge
0x0000000017a61000 	/System/Library/PrivateFrameworks/XPCService.framework/Versions/A/XPCService
0x0000000017a61000 	/System/Library/PrivateFrameworks/AppSandbox.framework/Versions/A/AppSandbox
0x000000012cb3f000 	/usr/lib/libsandbox.1.dylib
0x0000000017a61000 	/usr/lib/libMatch.1.dylib
0x000000012e441000 	/Library/Java/JavaVirtualMachines/jdk1.8.0_144.jdk/Contents/Home/jre/lib/libnio.dylib
0x00000001978b0000 	/Users/lawrence.mouarkach/doctorigames/BasicGameGradle/libbulletjme.dylib
0x000000012dbe9000 	/Users/lawrence.mouarkach/doctorigames/BasicGameGradle/libopenal.dylib
0x000000012dc45000 	/Users/lawrence.mouarkach/doctorigames/BasicGameGradle/liblwjgl.dylib
0x000000012cc04000 	/Library/Java/JavaVirtualMachines/jdk1.8.0_144.jdk/Contents/Home/jre/lib/libjawt.dylib
0x0000000017a61000 	/System/Library/Frameworks/OpenAL.framework/Versions/A/OpenAL
0x0000000198cf0000 	/System/Library/Components/CoreAudio.component/Contents/MacOS/CoreAudio
0x0000000126e38000 	/System/Library/Extensions/AppleHDA.kext/Contents/PlugIns/AppleHDAHALPlugIn.bundle/Contents/MacOS/AppleHDAHALPlugIn
0x000000012e005000 	/Library/Java/JavaVirtualMachines/jdk1.8.0_144.jdk/Contents/Home/jre/lib/libjpeg.dylib

VM Arguments:
jvm_args: -javaagent:/Users/lawrence.mouarkach/Library/Application Support/JetBrains/Toolbox/apps/IDEA-C/ch-0/172.3544.35/IntelliJ IDEA CE.app/Contents/lib/idea_rt.jar=60549:/Users/lawrence.mouarkach/Library/Application Support/JetBrains/Toolbox/apps/IDEA-C/ch-0/172.3544.35/IntelliJ IDEA CE.app/Contents/bin -Dfile.encoding=UTF-8 
java_command: com.lawrencemouarkach.Main
java_class_path (initial): /Library/Java/JavaVirtualMachines/jdk1.8.0_144.jdk/Contents/Home/jre/lib/charsets.jar:/Library/Java/JavaVirtualMachines/jdk1.8.0_144.jdk/Contents/Home/jre/lib/deploy.jar:/Library/Java/JavaVirtualMachines/jdk1.8.0_144.jdk/Contents/Home/jre/lib/ext/cldrdata.jar:/Library/Java/JavaVirtualMachines/jdk1.8.0_144.jdk/Contents/Home/jre/lib/ext/dnsns.jar:/Library/Java/JavaVirtualMachines/jdk1.8.0_144.jdk/Contents/Home/jre/lib/ext/jaccess.jar:/Library/Java/JavaVirtualMachines/jdk1.8.0_144.jdk/Contents/Home/jre/lib/ext/jfxrt.jar:/Library/Java/JavaVirtualMachines/jdk1.8.0_144.jdk/Contents/Home/jre/lib/ext/localedata.jar:/Library/Java/JavaVirtualMachines/jdk1.8.0_144.jdk/Contents/Home/jre/lib/ext/nashorn.jar:/Library/Java/JavaVirtualMachines/jdk1.8.0_144.jdk/Contents/Home/jre/lib/ext/sunec.jar:/Library/Java/JavaVirtualMachines/jdk1.8.0_144.jdk/Contents/Home/jre/lib/ext/sunjce_provider.jar:/Library/Java/JavaVirtualMachines/jdk1.8.0_144.jdk/Contents/Home/jre/lib/ext/sunpkcs11.jar:/Library/Java/JavaVirtualMachines/jdk1.8.0_144.jdk/Contents/Home/jre/lib/ext/zipfs.jar:/Library/Java/JavaVirtualMachines/jdk1.8.0_144.jdk/Contents/Home/jre/lib/javaws.jar:/Library/Java/JavaVirtualMachines/jdk1.8.0_144.jdk/Contents/Home/jre/lib/jce.jar:/Library/Java/JavaVirtualMachines/jdk1.8.0_144.jdk/Contents/Home/jre/lib/jfr.jar:/Library/Java/JavaVirtualMachines/jdk1.8.0_144.jdk/Contents/Home/jre/lib/jfxswt.jar:/Library/Java/JavaVirtualMachines/jdk1.8.0_144.jdk/Contents/Home/jre/lib/jsse.jar:/Library/Java/JavaVirtualMachines/jdk1.8.0_144.jdk/Contents/Home/jre/lib/management-agent.jar:/Library/Java/JavaVirtualMachines/jdk1.8.0_144.jdk/Contents/Home/jre/lib/plugin.jar:/Library/Java/JavaVirtualMachines/jdk1.8.0_144.jdk/Contents/Home/jre/lib/resources.jar:/Library/Java/JavaVirtualMachines/jdk1.8.0_144.jdk/Contents/Home/jre/lib/rt.jar:/Library/Java/JavaVirtualMachines/jdk1.8.0_144.jdk/Contents/Home/lib/ant-javafx.jar:/Library/Java/JavaVirtualMachines/jdk1.8.0_144.jdk/Contents/Home
Launcher Type: SUN_STANDARD

Environment Variables:
JAVA_HOME=/Users/lawrence.mouarkach/.sdkman/candidates/java/current
PATH=/Users/lawrence.mouarkach/.sdkman/candidates/springboot/current/bin:/Users/lawrence.mouarkach/.sdkman/candidates/java/current/bin:/Users/lawrence.mouarkach/.sdkman/candidates/groovy/current/bin:/Users/lawrence.mouarkach/.sdkman/candidates/gradle/current/bin:/usr/local/bin:/usr/bin:/bin:/usr/sbin:/sbin:/Library/Maven/apache-maven-3.5.0/bin:/Users/lawrence.mouarkach/activator-dist-1.3.12/bin
SHELL=/bin/bash

Signal Handlers:
SIGSEGV: [libjvm.dylib+0x5b26e5], sa_mask[0]=11111111011111110111111111111111, sa_flags=SA_ONSTACK|SA_RESTART|SA_SIGINFO
SIGBUS: [libjvm.dylib+0x5b26e5], sa_mask[0]=11111111011111110111111111111111, sa_flags=SA_RESTART|SA_SIGINFO
SIGFPE: [libjvm.dylib+0x489100], sa_mask[0]=11111111011111110111111111111111, sa_flags=SA_RESTART|SA_SIGINFO
SIGPIPE: [libjvm.dylib+0x489100], sa_mask[0]=11111111011111110111111111111111, sa_flags=SA_RESTART|SA_SIGINFO
SIGXFSZ: [libjvm.dylib+0x489100], sa_mask[0]=11111111011111110111111111111111, sa_flags=SA_RESTART|SA_SIGINFO
SIGILL: [libjvm.dylib+0x489100], sa_mask[0]=11111111011111110111111111111111, sa_flags=SA_RESTART|SA_SIGINFO
SIGUSR1: SIG_DFL, sa_mask[0]=00000000000000000000000000000000, sa_flags=none
SIGUSR2: [libjvm.dylib+0x488c1e], sa_mask[0]=00100000000000000000000000000000, sa_flags=SA_RESTART|SA_SIGINFO
SIGHUP: [libjvm.dylib+0x4871f5], sa_mask[0]=11111111011111110111111111111111, sa_flags=SA_RESTART|SA_SIGINFO
SIGINT: [libjvm.dylib+0x4871f5], sa_mask[0]=11111111011111110111111111111111, sa_flags=SA_RESTART|SA_SIGINFO
SIGTERM: [libjvm.dylib+0x4871f5], sa_mask[0]=11111111011111110111111111111111, sa_flags=SA_RESTART|SA_SIGINFO
SIGQUIT: [libjvm.dylib+0x4871f5], sa_mask[0]=11111111011111110111111111111111, sa_flags=SA_RESTART|SA_SIGINFO


---------------  S Y S T E M  ---------------

OS:Bsduname:Darwin 16.7.0 Darwin Kernel Version 16.7.0: Wed Oct  4 00:17:00 PDT 2017; root:xnu-3789.71.6~1/RELEASE_X86_64 x86_64
rlimit: STACK 8192k, CORE 0k, NPROC 709, NOFILE 10240, AS infinity
load average:2.41 3.38 3.18

CPU:total 8 (initial active 8) (4 cores per cpu, 2 threads per core) family 6 model 94 stepping 3, cmov, cx8, fxsr, mmx, sse, sse2, sse3, ssse3, sse4.1, sse4.2, popcnt, avx, avx2, aes, clmul, erms, rtm, 3dnowpref, lzcnt, ht, tsc, tscinvbit, bmi1, bmi2, adx

Memory: 4k page, physical 16777216k(2443304k free)

/proc/meminfo:


vm_info: Java HotSpot(TM) 64-Bit Server VM (25.144-b01) for bsd-amd64 JRE (1.8.0_144-b01), built on Jul 21 2017 22:07:42 by "java_re" with gcc 4.2.1 (Based on Apple Inc. build 5658) (LLVM build 2336.11.00)

time: Thu Nov 16 15:45:34 2017
elapsed time: 6 seconds (0d 0h 0m 6s)

