#
# A fatal error has been detected by the Java Runtime Environment:
#
#  SIGSEGV (0xb) at pc=0x0000240000296400, pid=74465, tid=0x0000000000003803
#
# JRE version: Java(TM) SE Runtime Environment (8.0_144-b01) (build 1.8.0_144-b01)
# Java VM: Java HotSpot(TM) 64-Bit Server VM (25.144-b01 mixed mode bsd-amd64 compressed oops)
# Problematic frame:
# C  0x0000240000296400
#
# Failed to write core dump. Core dumps have been disabled. To enable core dumping, try "ulimit -c unlimited" before starting Java again
#
# If you would like to submit a bug report, please visit:
#   http://bugreport.java.com/bugreport/crash.jsp
# The crash happened outside the Java Virtual Machine in native code.
# See problematic frame for where to report the bug.
#

---------------  T H R E A D  ---------------

Current thread (0x00007fd58c035800):  JavaThread "Finalizer" daemon [_thread_in_native, id=14339, stack(0x00007000101ee000,0x00007000102ee000)]

siginfo: si_signo: 11 (SIGSEGV), si_code: 1 (SEGV_MAPERR), si_addr: 0x0000240000296400

Registers:
RAX=0x00007fd594705050, RBX=0x00000001341ac620, RCX=0x00007fd594705050, RDX=0x00007fd58bc86600
RSP=0x00007000102ed0a8, RBP=0x00007000102ed110, RSI=0x00007fd58d8fa790, RDI=0x00007fd5942c3210
R8 =0x0000240000296400, R9 =0x000000019dcc0e90, R10=0x00000000ffffffff, R11=0x0000000000000028
R12=0x0000000000000000, R13=0x00000001341ac620, R14=0x00007000102ed7e0, R15=0x00007fd58c035800
RIP=0x0000240000296400, EFLAGS=0x0000000000010202, ERR=0x0000000000000014
  TRAPNO=0x000000000000000e

Top of Stack: (sp=0x00007000102ed0a8)
0x00007000102ed0a8:   000000019dbec01e 0000240000296400
0x00007000102ed0b8:   00007fd594705050 0000700000001fa0
0x00007000102ed0c8:   000000000000000b 00007fd5942c3210
0x00007000102ed0d8:   0000000000000000 00007fd5942c3210
0x00007000102ed0e8:   00007fd58b5c9e70 00007fd58bc86600
0x00007000102ed0f8:   00007fd594705050 00007fd58d8fa790
0x00007000102ed108:   00007fd5943ef180 00007000102ed420
0x00007000102ed118:   000000019dcc14be 0000000000000000
0x00007000102ed128:   000000019dbebf60 00007fd594705050
0x00007000102ed138:   00017fd58c035800 00007fd5943ef980
0x00007000102ed148:   00007fd5943ef980 0000005800000000
0x00007000102ed158:   00007fd58ff0a930 ffffffff00000068
0x00007000102ed168:   0000000000000000 0000000000000000
0x00007000102ed178:   00007fd58ff09c10 000000588c035800
0x00007000102ed188:   000000010000003e 00007fd58bc86600
0x00007000102ed198:   00007fd594705050 00007fd58d8fa790
0x00007000102ed1a8:   00007fd5943ef980 0000000000000000
0x00007000102ed1b8:   00007fd58c035800 00007fd58db012d0
0x00007000102ed1c8:   00000001116d56e8 00007fd5943ef988
0x00007000102ed1d8:   00000058102ed750 00007fd5943ef9b8
0x00007000102ed1e8:   00000000102ed7b0 00007fd5943ef9d8
0x00007000102ed1f8:   00000058116d56e8 00007fd5943ef9b8
0x00007000102ed208:   00000069116d56e8 00007fd5943ef988
0x00007000102ed218:   00000000102ed2a0 00007fd5943ef988
0x00007000102ed228:   00000058102ed2a0 00007fd5943ef9b8
0x00007000102ed238:   00000069102ed2a0 00007fd5943ef9d8
0x00007000102ed248:   00007000102ed2b0 00007fd594200700
0x00007000102ed258:   00007000102ed2b0 00007000102ed280
0x00007000102ed268:   000000019db7232d 00007fd5942006f0
0x00007000102ed278:   00000058102ed2a0 00007fd5943ef9b8
0x00007000102ed288:   00007fd5943ef988 12efb758942006f0
0x00007000102ed298:   000000010000003e 00007fd5943ef980 

Instructions: (pc=0x0000240000296400)
0x00002400002963e0:   
[error occurred during error reporting (printing registers, top of stack, instructions near pc), id 0xb]

Register to memory mapping:

RAX=0x00007fd594705050 is an unknown value
RBX={method} {0x00000001341ac620} 'finalizeNative' '(J)V' in 'com/jme3/bullet/PhysicsSpace'
RCX=0x00007fd594705050 is an unknown value
RDX=0x00007fd58bc86600 is an unknown value
RSP=0x00007000102ed0a8 is pointing into the stack for thread: 0x00007fd58c035800
RBP=0x00007000102ed110 is pointing into the stack for thread: 0x00007fd58c035800
RSI=0x00007fd58d8fa790 is an unknown value
RDI=0x00007fd5942c3210 is an unknown value
R8 =0x0000240000296400 is an unknown value
R9 =0x000000019dcc0e90: _ZN28btHashedOverlappingPairCache21removeOverlappingPairEP17btBroadphaseProxyS1_P12btDispatcher+0 in /Users/lawrence.mouarkach/doctorigames/BasicGameGradle/libbulletjme.dylib at 0x000000019dadd000
R10=0x00000000ffffffff is an unknown value
R11=0x0000000000000028 is an unknown value
R12=0x0000000000000000 is an unknown value
R13={method} {0x00000001341ac620} 'finalizeNative' '(J)V' in 'com/jme3/bullet/PhysicsSpace'
R14=0x00007000102ed7e0 is pointing into the stack for thread: 0x00007fd58c035800
R15=0x00007fd58c035800 is a thread


Stack: [0x00007000101ee000,0x00007000102ee000],  sp=0x00007000102ed0a8,  free space=1020k
Native frames: (J=compiled Java code, j=interpreted, Vv=VM code, C=native code)
C  0x0000240000296400
C  [libbulletjme.dylib+0x1e44be]  _ZN28btHashedOverlappingPairCache21removeOverlappingPairEP17btBroadphaseProxyS1_P12btDispatcher+0x62e
C  [libbulletjme.dylib+0x1e49fd]  _ZN28btHashedOverlappingPairCache26processAllOverlappingPairsEP17btOverlapCallbackP12btDispatcher+0xbd
C  [libbulletjme.dylib+0x1e2fe1]  _ZN28btHashedOverlappingPairCache37removeOverlappingPairsContainingProxyEP17btBroadphaseProxyP12btDispatcher+0x51
C  [libbulletjme.dylib+0xb62bb]  _ZN16btDbvtBroadphase12destroyProxyEP17btBroadphaseProxyP12btDispatcher+0xbb
C  [libbulletjme.dylib+0x281951]  _ZN16btCollisionWorldD2Ev+0x131
C  [libbulletjme.dylib+0x20d545]  _ZN15btDynamicsWorldD2Ev+0x15
C  [libbulletjme.dylib+0x1fb750]  _ZN23btDiscreteDynamicsWorldD2Ev+0x190
C  [libbulletjme.dylib+0x1fb855]  _ZN23btDiscreteDynamicsWorldD1Ev+0x15
C  [libbulletjme.dylib+0x1fb878]  _ZN23btDiscreteDynamicsWorldD0Ev+0x18
C  [libbulletjme.dylib+0x10e5ef]  _ZN15jmePhysicsSpaceD2Ev+0x2f
C  [libbulletjme.dylib+0x10e615]  _ZN15jmePhysicsSpaceD1Ev+0x15
C  [libbulletjme.dylib+0x1ea8d7]  Java_com_jme3_bullet_PhysicsSpace_finalizeNative+0x47
j  com.jme3.bullet.PhysicsSpace.finalizeNative(J)V+0
j  com.jme3.bullet.PhysicsSpace.finalize()V+34
J 1503 C1 java.lang.ref.Finalizer.runFinalizer(Lsun/misc/JavaLangAccess;)V (62 bytes) @ 0x0000000112a4a614 [0x0000000112a4a080+0x594]
J 1502 C1 java.lang.ref.Finalizer.access$100(Ljava/lang/ref/Finalizer;Lsun/misc/JavaLangAccess;)V (6 bytes) @ 0x0000000112a49d1c [0x0000000112a49cc0+0x5c]
j  java.lang.ref.Finalizer$FinalizerThread.run()V+45
v  ~StubRoutines::call_stub
V  [libjvm.dylib+0x2ee70a]
V  [libjvm.dylib+0x2eeeae]
V  [libjvm.dylib+0x2ef05a]
V  [libjvm.dylib+0x3497b1]
V  [libjvm.dylib+0x56c0b3]
V  [libjvm.dylib+0x56d7a0]
V  [libjvm.dylib+0x48baee]
C  [libsystem_pthread.dylib+0x393b]  _pthread_body+0xb4
C  [libsystem_pthread.dylib+0x3887]  _pthread_body+0x0
C  [libsystem_pthread.dylib+0x308d]  thread_start+0xd
C  0x0000000000000000

Java frames: (J=compiled Java code, j=interpreted, Vv=VM code)
j  com.jme3.bullet.PhysicsSpace.finalizeNative(J)V+0
j  com.jme3.bullet.PhysicsSpace.finalize()V+34
J 1503 C1 java.lang.ref.Finalizer.runFinalizer(Lsun/misc/JavaLangAccess;)V (62 bytes) @ 0x0000000112a4a614 [0x0000000112a4a080+0x594]
J 1502 C1 java.lang.ref.Finalizer.access$100(Ljava/lang/ref/Finalizer;Lsun/misc/JavaLangAccess;)V (6 bytes) @ 0x0000000112a49d1c [0x0000000112a49cc0+0x5c]
j  java.lang.ref.Finalizer$FinalizerThread.run()V+45
v  ~StubRoutines::call_stub

---------------  P R O C E S S  ---------------

Java Threads: ( => current thread )
  0x00007fd58b802800 JavaThread "DestroyJavaVM" [_thread_blocked, id=6915, stack(0x000070000f6cd000,0x000070000f7cd000)]
  0x00007fd58b9d9000 JavaThread "TimerQueue" daemon [_thread_blocked, id=80403, stack(0x0000700011533000,0x0000700011633000)]
  0x00007fd58ca37000 JavaThread "Timer-0" daemon [_thread_blocked, id=65807, stack(0x00007000112aa000,0x00007000113aa000)]
  0x00007fd58c2e2000 JavaThread "Java2D Disposer" daemon [_thread_blocked, id=64771, stack(0x00007000111a7000,0x00007000112a7000)]
  0x00007fd58ca1c000 JavaThread "Java2D Queue Flusher" daemon [_thread_in_native, id=62727, stack(0x0000700011021000,0x0000700011121000)]
  0x00007fd58e803000 JavaThread "AWT-EventQueue-0" [_thread_blocked, id=56075, stack(0x0000700010f1e000,0x000070001101e000)]
  0x00007fd58d0b3800 JavaThread "AWT-Shutdown" [_thread_blocked, id=32799, stack(0x0000700010c0f000,0x0000700010d0f000)]
  0x00007fd58c954800 JavaThread "AppKit Thread" daemon [_thread_in_native, id=775, stack(0x00007fff520d2000,0x00007fff528d2000)]
  0x00007fd58f8c5800 JavaThread "Service Thread" daemon [_thread_blocked, id=22019, stack(0x0000700010a09000,0x0000700010b09000)]
  0x00007fd58c1b6800 JavaThread "C1 CompilerThread3" daemon [_thread_blocked, id=21507, stack(0x0000700010906000,0x0000700010a06000)]
  0x00007fd58c1c2000 JavaThread "C2 CompilerThread2" daemon [_thread_blocked, id=20995, stack(0x0000700010803000,0x0000700010903000)]
  0x00007fd58f00f800 JavaThread "C2 CompilerThread1" daemon [_thread_blocked, id=20483, stack(0x0000700010700000,0x0000700010800000)]
  0x00007fd58c90e000 JavaThread "C2 CompilerThread0" daemon [_thread_blocked, id=19971, stack(0x00007000105fd000,0x00007000106fd000)]
  0x00007fd58c1c1800 JavaThread "Monitor Ctrl-Break" daemon [_thread_in_native, id=19459, stack(0x00007000104fa000,0x00007000105fa000)]
  0x00007fd58c847000 JavaThread "Signal Dispatcher" daemon [_thread_blocked, id=18947, stack(0x00007000103f7000,0x00007000104f7000)]
=>0x00007fd58c035800 JavaThread "Finalizer" daemon [_thread_in_native, id=14339, stack(0x00007000101ee000,0x00007000102ee000)]
  0x00007fd58c003800 JavaThread "Reference Handler" daemon [_thread_blocked, id=13827, stack(0x00007000100eb000,0x00007000101eb000)]

Other Threads:
  0x00007fd58c83a800 VMThread [stack: 0x000070000ffe8000,0x00007000100e8000] [id=13315]
  0x00007fd58d000800 WatcherThread [stack: 0x0000700010b0c000,0x0000700010c0c000] [id=22531]

VM state:not at safepoint (normal execution)

VM Mutex/Monitor currently owned by a thread: None

Heap:
 PSYoungGen      total 324608K, used 6627K [0x000000076ab00000, 0x0000000782b00000, 0x00000007c0000000)
  eden space 262144K, 2% used [0x000000076ab00000,0x000000076b178dd8,0x000000077ab00000)
  from space 62464K, 0% used [0x000000077ee00000,0x000000077ee00000,0x0000000782b00000)
  to   space 65536K, 0% used [0x000000077ab00000,0x000000077ab00000,0x000000077eb00000)
 ParOldGen       total 144384K, used 13579K [0x00000006c0000000, 0x00000006c8d00000, 0x000000076ab00000)
  object space 144384K, 9% used [0x00000006c0000000,0x00000006c0d42f80,0x00000006c8d00000)
 Metaspace       used 20876K, capacity 21199K, committed 21552K, reserved 1069056K
  class space    used 2415K, capacity 2515K, committed 2560K, reserved 1048576K

Card table byte_map: [0x0000000110167000,0x0000000110968000] byte_map_base: 0x000000010cb67000

Marking Bits: (ParMarkBitMap*) 0x000000010f6f35d0
 Begin Bits: [0x000000012156a000, 0x000000012556a000)
 End Bits:   [0x000000012556a000, 0x000000012956a000)

Polling page: 0x000000010d356000

CodeCache: size=245760Kb used=9972Kb max_used=9972Kb free=235787Kb
 bounds [0x000000011256a000, 0x0000000112f3a000, 0x000000012156a000]
 total_blobs=3390 nmethods=2693 adapters=610
 compilation: enabled

Compilation events (10 events):
Event: 6.341 Thread 0x00007fd58c1b6800 nmethod 2710 0x0000000112f28d90 code [0x0000000112f28f00, 0x0000000112f290e8]
Event: 6.341 Thread 0x00007fd58c1b6800 2711       3       java.awt.EventQueue::access$100 (6 bytes)
Event: 6.341 Thread 0x00007fd58c1b6800 nmethod 2711 0x0000000112f29210 code [0x0000000112f29380, 0x0000000112f294e8]
Event: 6.341 Thread 0x00007fd58c1b6800 2712   !   3       java.awt.EventQueue::wakeup (79 bytes)
Event: 6.341 Thread 0x00007fd58c1b6800 nmethod 2712 0x0000000112f295d0 code [0x0000000112f297e0, 0x0000000112f2a098]
Event: 6.342 Thread 0x00007fd58c1b6800 2715       3       java.lang.Long::formatUnsignedLong (52 bytes)
Event: 6.342 Thread 0x00007fd58c1b6800 nmethod 2715 0x0000000112f2a550 code [0x0000000112f2a6c0, 0x0000000112f2a950]
Event: 6.342 Thread 0x00007fd58c1b6800 2719       1       java.lang.ref.Finalizer::access$000 (4 bytes)
Event: 6.342 Thread 0x00007fd58c1b6800 nmethod 2719 0x0000000112f2ab50 code [0x0000000112f2aca0, 0x0000000112f2ad90]
Event: 6.342 Thread 0x00007fd58c1b6800 2716       3       java.util.logging.LogManager$LoggerContext::ensureInitialized (24 bytes)

GC Heap History (10 events):
Event: 4.684 GC heap before
{Heap before GC invocations=3 (full 0):
 PSYoungGen      total 76288K, used 76286K [0x000000076ab00000, 0x0000000774000000, 0x00000007c0000000)
  eden space 65536K, 100% used [0x000000076ab00000,0x000000076eb00000,0x000000076eb00000)
  from space 10752K, 99% used [0x000000076f580000,0x000000076ffff980,0x0000000770000000)
  to   space 10752K, 0% used [0x000000076eb00000,0x000000076eb00000,0x000000076f580000)
 ParOldGen       total 175104K, used 4679K [0x00000006c0000000, 0x00000006cab00000, 0x000000076ab00000)
  object space 175104K, 2% used [0x00000006c0000000,0x00000006c0491da8,0x00000006cab00000)
 Metaspace       used 19972K, capacity 20315K, committed 20480K, reserved 1067008K
  class space    used 2331K, capacity 2439K, committed 2560K, reserved 1048576K
Event: 4.704 GC heap after
Heap after GC invocations=3 (full 0):
 PSYoungGen      total 76288K, used 10748K [0x000000076ab00000, 0x0000000774000000, 0x00000007c0000000)
  eden space 65536K, 0% used [0x000000076ab00000,0x000000076ab00000,0x000000076eb00000)
  from space 10752K, 99% used [0x000000076eb00000,0x000000076f57f268,0x000000076f580000)
  to   space 10752K, 0% used [0x0000000773580000,0x0000000773580000,0x0000000774000000)
 ParOldGen       total 175104K, used 54645K [0x00000006c0000000, 0x00000006cab00000, 0x000000076ab00000)
  object space 175104K, 31% used [0x00000006c0000000,0x00000006c355d6d0,0x00000006cab00000)
 Metaspace       used 19972K, capacity 20315K, committed 20480K, reserved 1067008K
  class space    used 2331K, capacity 2439K, committed 2560K, reserved 1048576K
}
Event: 5.021 GC heap before
{Heap before GC invocations=4 (full 0):
 PSYoungGen      total 76288K, used 76284K [0x000000076ab00000, 0x0000000774000000, 0x00000007c0000000)
  eden space 65536K, 100% used [0x000000076ab00000,0x000000076eb00000,0x000000076eb00000)
  from space 10752K, 99% used [0x000000076eb00000,0x000000076f57f268,0x000000076f580000)
  to   space 10752K, 0% used [0x0000000773580000,0x0000000773580000,0x0000000774000000)
 ParOldGen       total 175104K, used 54645K [0x00000006c0000000, 0x00000006cab00000, 0x000000076ab00000)
  object space 175104K, 31% used [0x00000006c0000000,0x00000006c355d6d0,0x00000006cab00000)
 Metaspace       used 20013K, capacity 20315K, committed 20480K, reserved 1067008K
  class space    used 2331K, capacity 2439K, committed 2560K, reserved 1048576K
Event: 5.039 GC heap after
Heap after GC invocations=4 (full 0):
 PSYoungGen      total 141824K, used 10734K [0x000000076ab00000, 0x0000000774000000, 0x00000007c0000000)
  eden space 131072K, 0% used [0x000000076ab00000,0x000000076ab00000,0x0000000772b00000)
  from space 10752K, 99% used [0x0000000773580000,0x0000000773ffbbc0,0x0000000774000000)
  to   space 10752K, 0% used [0x0000000772b00000,0x0000000772b00000,0x0000000773580000)
 ParOldGen       total 175104K, used 92223K [0x00000006c0000000, 0x00000006cab00000, 0x000000076ab00000)
  object space 175104K, 52% used [0x00000006c0000000,0x00000006c5a0fc50,0x00000006cab00000)
 Metaspace       used 20013K, capacity 20315K, committed 20480K, reserved 1067008K
  class space    used 2331K, capacity 2439K, committed 2560K, reserved 1048576K
}
Event: 5.776 GC heap before
{Heap before GC invocations=5 (full 0):
 PSYoungGen      total 141824K, used 141806K [0x000000076ab00000, 0x0000000774000000, 0x00000007c0000000)
  eden space 131072K, 100% used [0x000000076ab00000,0x0000000772b00000,0x0000000772b00000)
  from space 10752K, 99% used [0x0000000773580000,0x0000000773ffbbc0,0x0000000774000000)
  to   space 10752K, 0% used [0x0000000772b00000,0x0000000772b00000,0x0000000773580000)
 ParOldGen       total 175104K, used 92223K [0x00000006c0000000, 0x00000006cab00000, 0x000000076ab00000)
  object space 175104K, 52% used [0x00000006c0000000,0x00000006c5a0fc50,0x00000006cab00000)
 Metaspace       used 20457K, capacity 20825K, committed 20992K, reserved 1067008K
  class space    used 2354K, capacity 2476K, committed 2560K, reserved 1048576K
Event: 5.785 GC heap after
Heap after GC invocations=5 (full 0):
 PSYoungGen      total 141824K, used 9936K [0x000000076ab00000, 0x0000000783100000, 0x00000007c0000000)
  eden space 131072K, 0% used [0x000000076ab00000,0x000000076ab00000,0x0000000772b00000)
  from space 10752K, 92% used [0x0000000772b00000,0x00000007734b4150,0x0000000773580000)
  to   space 68608K, 0% used [0x000000077ee00000,0x000000077ee00000,0x0000000783100000)
 ParOldGen       total 175104K, used 92231K [0x00000006c0000000, 0x00000006cab00000, 0x000000076ab00000)
  object space 175104K, 52% used [0x00000006c0000000,0x00000006c5a11c50,0x00000006cab00000)
 Metaspace       used 20457K, capacity 20825K, committed 20992K, reserved 1067008K
  class space    used 2354K, capacity 2476K, committed 2560K, reserved 1048576K
}
Event: 6.291 GC heap before
{Heap before GC invocations=6 (full 0):
 PSYoungGen      total 141824K, used 141008K [0x000000076ab00000, 0x0000000783100000, 0x00000007c0000000)
  eden space 131072K, 100% used [0x000000076ab00000,0x0000000772b00000,0x0000000772b00000)
  from space 10752K, 92% used [0x0000000772b00000,0x00000007734b4150,0x0000000773580000)
  to   space 68608K, 0% used [0x000000077ee00000,0x000000077ee00000,0x0000000783100000)
 ParOldGen       total 175104K, used 92231K [0x00000006c0000000, 0x00000006cab00000, 0x000000076ab00000)
  object space 175104K, 52% used [0x00000006c0000000,0x00000006c5a11c50,0x00000006cab00000)
 Metaspace       used 20845K, capacity 21133K, committed 21296K, reserved 1069056K
  class space    used 2406K, capacity 2514K, committed 2560K, reserved 1048576K
Event: 6.305 GC heap after
Heap after GC invocations=6 (full 0):
 PSYoungGen      total 324608K, used 15605K [0x000000076ab00000, 0x0000000782b00000, 0x00000007c0000000)
  eden space 262144K, 0% used [0x000000076ab00000,0x000000076ab00000,0x000000077ab00000)
  from space 62464K, 24% used [0x000000077ee00000,0x000000077fd3d6f8,0x0000000782b00000)
  to   space 65536K, 0% used [0x000000077ab00000,0x000000077ab00000,0x000000077eb00000)
 ParOldGen       total 175104K, used 92239K [0x00000006c0000000, 0x00000006cab00000, 0x000000076ab00000)
  object space 175104K, 52% used [0x00000006c0000000,0x00000006c5a13c50,0x00000006cab00000)
 Metaspace       used 20845K, capacity 21133K, committed 21296K, reserved 1069056K
  class space    used 2406K, capacity 2514K, committed 2560K, reserved 1048576K
}
Event: 6.305 GC heap before
{Heap before GC invocations=7 (full 1):
 PSYoungGen      total 324608K, used 15605K [0x000000076ab00000, 0x0000000782b00000, 0x00000007c0000000)
  eden space 262144K, 0% used [0x000000076ab00000,0x000000076ab00000,0x000000077ab00000)
  from space 62464K, 24% used [0x000000077ee00000,0x000000077fd3d6f8,0x0000000782b00000)
  to   space 65536K, 0% used [0x000000077ab00000,0x000000077ab00000,0x000000077eb00000)
 ParOldGen       total 175104K, used 92239K [0x00000006c0000000, 0x00000006cab00000, 0x000000076ab00000)
  object space 175104K, 52% used [0x00000006c0000000,0x00000006c5a13c50,0x00000006cab00000)
 Metaspace       used 20845K, capacity 21133K, committed 21296K, reserved 1069056K
  class space    used 2406K, capacity 2514K, committed 2560K, reserved 1048576K
Event: 6.335 GC heap after
Heap after GC invocations=7 (full 1):
 PSYoungGen      total 324608K, used 0K [0x000000076ab00000, 0x0000000782b00000, 0x00000007c0000000)
  eden space 262144K, 0% used [0x000000076ab00000,0x000000076ab00000,0x000000077ab00000)
  from space 62464K, 0% used [0x000000077ee00000,0x000000077ee00000,0x0000000782b00000)
  to   space 65536K, 0% used [0x000000077ab00000,0x000000077ab00000,0x000000077eb00000)
 ParOldGen       total 144384K, used 13579K [0x00000006c0000000, 0x00000006c8d00000, 0x000000076ab00000)
  object space 144384K, 9% used [0x00000006c0000000,0x00000006c0d42f80,0x00000006c8d00000)
 Metaspace       used 20845K, capacity 21133K, committed 21296K, reserved 1069056K
  class space    used 2406K, capacity 2514K, committed 2560K, reserved 1048576K
}

Deoptimization events (10 events):
Event: 5.766 Thread 0x00007fd58ba13000 Uncommon trap: reason=class_check action=maybe_recompile pc=0x0000000112e18d18 method=java.nio.DirectFloatBufferU.put(Ljava/nio/FloatBuffer;)Ljava/nio/FloatBuffer; @ 1
Event: 5.766 Thread 0x00007fd58ba13000 Uncommon trap: reason=class_check action=maybe_recompile pc=0x0000000112e18d18 method=java.nio.DirectFloatBufferU.put(Ljava/nio/FloatBuffer;)Ljava/nio/FloatBuffer; @ 1
Event: 5.766 Thread 0x00007fd58ba13000 Uncommon trap: reason=class_check action=maybe_recompile pc=0x0000000112e18d18 method=java.nio.DirectFloatBufferU.put(Ljava/nio/FloatBuffer;)Ljava/nio/FloatBuffer; @ 1
Event: 6.104 Thread 0x00007fd58ba13000 Uncommon trap: reason=unstable_if action=reinterpret pc=0x0000000112dd9108 method=com.jme3.scene.plugins.ogre.MeshLoader.pushBoneAssign(Ljava/lang/String;Ljava/lang/String;Ljava/lang/String;)V @ 86
Event: 6.117 Thread 0x00007fd58ba13000 Uncommon trap: reason=unstable_if action=reinterpret pc=0x0000000112ddc420 method=com.jme3.util.IntMap.put(ILjava/lang/Object;)Ljava/lang/Object; @ 17
Event: 6.120 Thread 0x00007fd58ba13000 Uncommon trap: reason=unstable_if action=reinterpret pc=0x0000000112be4dc4 method=java.util.regex.Pattern$Branch.match(Ljava/util/regex/Matcher;ILjava/lang/CharSequence;)Z @ 9
Event: 6.121 Thread 0x00007fd58ba13000 Uncommon trap: reason=predicate action=maybe_recompile pc=0x0000000112bb56fc method=javax.imageio.stream.MemoryCache.loadFromStream(Ljava/io/InputStream;J)J @ 59
Event: 6.121 Thread 0x00007fd58ba13000 Uncommon trap: reason=predicate action=maybe_recompile pc=0x0000000112bb2d10 method=javax.imageio.stream.MemoryCache.loadFromStream(Ljava/io/InputStream;J)J @ 59
Event: 6.223 Thread 0x00007fd58e803000 Uncommon trap: reason=unstable_if action=reinterpret pc=0x0000000112ec31a8 method=java.lang.reflect.Method.invoke(Ljava/lang/Object;[Ljava/lang/Object;)Ljava/lang/Object; @ 4
Event: 6.225 Thread 0x00007fd58e803000 Uncommon trap: reason=unstable_if action=reinterpret pc=0x0000000112e860a8 method=java.util.HashMap.clear()V @ 23

Internal exceptions (10 events):
Event: 3.971 Thread 0x00007fd58ba13000 Exception <a 'org/lwjgl/LWJGLException': Could not load OpenAL library> (0x000000076d827ad8) thrown at [/Users/java_re/workspace/8-2-build-macosx-x86_64/jdk8u144/9417/hotspot/src/share/vm/prims/jni.cpp, line 735]
Event: 3.971 Thread 0x00007fd58ba13000 Exception <a 'org/lwjgl/LWJGLException': Could not load OpenAL library> (0x000000076d828100) thrown at [/Users/java_re/workspace/8-2-build-macosx-x86_64/jdk8u144/9417/hotspot/src/share/vm/prims/jni.cpp, line 735]
Event: 3.971 Thread 0x00007fd58ba13000 Exception <a 'org/lwjgl/LWJGLException': Could not load OpenAL library> (0x000000076d8286b0) thrown at [/Users/java_re/workspace/8-2-build-macosx-x86_64/jdk8u144/9417/hotspot/src/share/vm/prims/jni.cpp, line 735]
Event: 3.971 Thread 0x00007fd58ba13000 Exception <a 'org/lwjgl/LWJGLException': Could not load OpenAL library> (0x000000076d828b98) thrown at [/Users/java_re/workspace/8-2-build-macosx-x86_64/jdk8u144/9417/hotspot/src/share/vm/prims/jni.cpp, line 735]
Event: 3.971 Thread 0x00007fd58ba13000 Exception <a 'org/lwjgl/LWJGLException': Could not load OpenAL library> (0x000000076d8290c0) thrown at [/Users/java_re/workspace/8-2-build-macosx-x86_64/jdk8u144/9417/hotspot/src/share/vm/prims/jni.cpp, line 735]
Event: 3.971 Thread 0x00007fd58ba13000 Exception <a 'org/lwjgl/LWJGLException': Could not load OpenAL library> (0x000000076d8295e0) thrown at [/Users/java_re/workspace/8-2-build-macosx-x86_64/jdk8u144/9417/hotspot/src/share/vm/prims/jni.cpp, line 735]
Event: 3.971 Thread 0x00007fd58ba13000 Exception <a 'org/lwjgl/LWJGLException': Could not load OpenAL library> (0x000000076d829a70) thrown at [/Users/java_re/workspace/8-2-build-macosx-x86_64/jdk8u144/9417/hotspot/src/share/vm/prims/jni.cpp, line 735]
Event: 3.971 Thread 0x00007fd58ba13000 Exception <a 'org/lwjgl/LWJGLException': Could not load OpenAL library> (0x000000076d829ec0) thrown at [/Users/java_re/workspace/8-2-build-macosx-x86_64/jdk8u144/9417/hotspot/src/share/vm/prims/jni.cpp, line 735]
Event: 3.971 Thread 0x00007fd58ba13000 Exception <a 'org/lwjgl/LWJGLException': Could not load OpenAL library> (0x000000076d82a4a0) thrown at [/Users/java_re/workspace/8-2-build-macosx-x86_64/jdk8u144/9417/hotspot/src/share/vm/prims/jni.cpp, line 735]
Event: 6.230 Thread 0x00007fd58c9bf800 Exception <a 'java/lang/InterruptedException': sleep interrupted> (0x0000000772811588) thrown at [/Users/java_re/workspace/8-2-build-macosx-x86_64/jdk8u144/9417/hotspot/src/share/vm/prims/jvm.cpp, line 3228]

Events (10 events):
Event: 6.342 Executing VM operation: RevokeBias
Event: 6.342 Executing VM operation: RevokeBias done
Event: 6.342 Executing VM operation: RevokeBias
Event: 6.342 loading class com/apple/laf/AquaImageFactory$RecyclableSlicedImageControl
Event: 6.342 Executing VM operation: RevokeBias done
Event: 6.342 loading class com/apple/laf/AquaUtils$RecyclableObject
Event: 6.342 loading class com/apple/laf/AquaUtils$RecyclableObject done
Event: 6.342 loading class com/apple/laf/AquaImageFactory$RecyclableSlicedImageControl done
Event: 6.342 loading class com/apple/laf/AquaPainter$RecyclableJRSUISlicedImageControl done
Event: 6.342 loading class com/apple/laf/AquaImageFactory$SlicedImageControl


Dynamic libraries:
0x0000000017a61000 	/System/Library/Frameworks/Cocoa.framework/Versions/A/Cocoa
0x0000000017a61000 	/System/Library/Frameworks/Security.framework/Versions/A/Security
0x0000000017a61000 	/System/Library/Frameworks/ApplicationServices.framework/Versions/A/ApplicationServices
0x0000000017a61000 	/usr/lib/libz.1.dylib
0x000000010d34d000 	/usr/lib/libSystem.B.dylib
0x0000000017a61000 	/usr/lib/libobjc.A.dylib
0x0000000017a61000 	/System/Library/Frameworks/CoreFoundation.framework/Versions/A/CoreFoundation
0x0000000017a61000 	/System/Library/Frameworks/Foundation.framework/Versions/C/Foundation
0x000000010d35a000 	/Library/Application Support/Cylance/Desktop/CyMemDef.dylib
0x0000000017a61000 	/System/Library/Frameworks/AppKit.framework/Versions/C/AppKit
0x0000000017a61000 	/System/Library/Frameworks/CoreData.framework/Versions/A/CoreData
0x0000000017a61000 	/System/Library/PrivateFrameworks/RemoteViewServices.framework/Versions/A/RemoteViewServices
0x0000000017a61000 	/System/Library/PrivateFrameworks/UIFoundation.framework/Versions/A/UIFoundation
0x0000000017a61000 	/System/Library/PrivateFrameworks/DFRFoundation.framework/Versions/A/DFRFoundation
0x0000000017a61000 	/usr/lib/libenergytrace.dylib
0x0000000017a61000 	/System/Library/PrivateFrameworks/SkyLight.framework/Versions/A/SkyLight
0x0000000017a61000 	/System/Library/Frameworks/CoreGraphics.framework/Versions/A/CoreGraphics
0x0000000017a61000 	/usr/lib/libScreenReader.dylib
0x0000000017a61000 	/System/Library/Frameworks/Accelerate.framework/Versions/A/Accelerate
0x0000000017a61000 	/System/Library/Frameworks/IOSurface.framework/Versions/A/IOSurface
0x0000000017a61000 	/System/Library/Frameworks/AudioToolbox.framework/Versions/A/AudioToolbox
0x0000000017a61000 	/System/Library/Frameworks/AudioUnit.framework/Versions/A/AudioUnit
0x0000000017a61000 	/System/Library/PrivateFrameworks/DataDetectorsCore.framework/Versions/A/DataDetectorsCore
0x0000000017a61000 	/System/Library/PrivateFrameworks/DesktopServicesPriv.framework/Versions/A/DesktopServicesPriv
0x0000000017a61000 	/System/Library/Frameworks/Carbon.framework/Versions/A/Frameworks/HIToolbox.framework/Versions/A/HIToolbox
0x0000000017a61000 	/usr/lib/libicucore.A.dylib
0x0000000017a61000 	/System/Library/Frameworks/QuartzCore.framework/Versions/A/QuartzCore
0x0000000017a61000 	/System/Library/Frameworks/Carbon.framework/Versions/A/Frameworks/SpeechRecognition.framework/Versions/A/SpeechRecognition
0x0000000017a61000 	/usr/lib/libauto.dylib
0x0000000017a61000 	/usr/lib/libxml2.2.dylib
0x0000000017a61000 	/System/Library/PrivateFrameworks/CoreUI.framework/Versions/A/CoreUI
0x0000000017a61000 	/System/Library/Frameworks/CoreAudio.framework/Versions/A/CoreAudio
0x0000000017a61000 	/System/Library/Frameworks/DiskArbitration.framework/Versions/A/DiskArbitration
0x0000000017a61000 	/usr/lib/liblangid.dylib
0x0000000017a61000 	/System/Library/PrivateFrameworks/MultitouchSupport.framework/Versions/A/MultitouchSupport
0x000000010d39f000 	/System/Library/Frameworks/IOKit.framework/Versions/A/IOKit
0x0000000017a61000 	/usr/lib/libDiagnosticMessagesClient.dylib
0x0000000017a61000 	/System/Library/Frameworks/CoreServices.framework/Versions/A/CoreServices
0x0000000017a61000 	/System/Library/PrivateFrameworks/PerformanceAnalysis.framework/Versions/A/PerformanceAnalysis
0x0000000017a61000 	/System/Library/PrivateFrameworks/GenerationalStorage.framework/Versions/A/GenerationalStorage
0x0000000017a61000 	/System/Library/Frameworks/OpenGL.framework/Versions/A/OpenGL
0x0000000017a61000 	/System/Library/Frameworks/CoreImage.framework/Versions/A/CoreImage
0x0000000017a61000 	/System/Library/Frameworks/CoreText.framework/Versions/A/CoreText
0x0000000017a61000 	/System/Library/Frameworks/ImageIO.framework/Versions/A/ImageIO
0x0000000017a61000 	/System/Library/PrivateFrameworks/Backup.framework/Versions/A/Backup
0x0000000017a61000 	/usr/lib/libarchive.2.dylib
0x000000010d47e000 	/System/Library/Frameworks/CFNetwork.framework/Versions/A/CFNetwork
0x0000000017a61000 	/System/Library/Frameworks/SystemConfiguration.framework/Versions/A/SystemConfiguration
0x0000000017a61000 	/usr/lib/libCRFSuite.dylib
0x0000000017a61000 	/usr/lib/libc++.1.dylib
0x0000000017a61000 	/usr/lib/libc++abi.dylib
0x0000000017a61000 	/usr/lib/system/libcache.dylib
0x0000000017a61000 	/usr/lib/system/libcommonCrypto.dylib
0x0000000017a61000 	/usr/lib/system/libcompiler_rt.dylib
0x0000000017a61000 	/usr/lib/system/libcopyfile.dylib
0x0000000017a61000 	/usr/lib/system/libcorecrypto.dylib
0x0000000017a61000 	/usr/lib/system/libdispatch.dylib
0x000000010db82000 	/usr/lib/system/libdyld.dylib
0x0000000017a61000 	/usr/lib/system/libkeymgr.dylib
0x0000000017a61000 	/usr/lib/system/liblaunch.dylib
0x0000000017a61000 	/usr/lib/system/libmacho.dylib
0x0000000017a61000 	/usr/lib/system/libquarantine.dylib
0x0000000017a61000 	/usr/lib/system/libremovefile.dylib
0x0000000017a61000 	/usr/lib/system/libsystem_asl.dylib
0x0000000017a61000 	/usr/lib/system/libsystem_blocks.dylib
0x0000000017a61000 	/usr/lib/system/libsystem_c.dylib
0x0000000017a61000 	/usr/lib/system/libsystem_configuration.dylib
0x0000000017a61000 	/usr/lib/system/libsystem_coreservices.dylib
0x0000000017a61000 	/usr/lib/system/libsystem_coretls.dylib
0x0000000017a61000 	/usr/lib/system/libsystem_dnssd.dylib
0x0000000017a61000 	/usr/lib/system/libsystem_info.dylib
0x000000010db94000 	/usr/lib/system/libsystem_kernel.dylib
0x0000000017a61000 	/usr/lib/system/libsystem_m.dylib
0x0000000017a61000 	/usr/lib/system/libsystem_malloc.dylib
0x0000000017a61000 	/usr/lib/system/libsystem_network.dylib
0x0000000017a61000 	/usr/lib/system/libsystem_networkextension.dylib
0x0000000017a61000 	/usr/lib/system/libsystem_notify.dylib
0x0000000017a61000 	/usr/lib/system/libsystem_platform.dylib
0x0000000017a61000 	/usr/lib/system/libsystem_pthread.dylib
0x000000010dbd4000 	/usr/lib/system/libsystem_sandbox.dylib
0x0000000017a61000 	/usr/lib/system/libsystem_secinit.dylib
0x0000000017a61000 	/usr/lib/system/libsystem_symptoms.dylib
0x0000000017a61000 	/usr/lib/system/libsystem_trace.dylib
0x0000000017a61000 	/usr/lib/system/libunwind.dylib
0x0000000017a61000 	/usr/lib/system/libxpc.dylib
0x0000000017a61000 	/usr/lib/libbsm.0.dylib
0x000000010dbde000 	/usr/lib/system/libkxld.dylib
0x0000000017a61000 	/usr/lib/libcoretls.dylib
0x0000000017a61000 	/usr/lib/libcoretls_cfhelpers.dylib
0x0000000017a61000 	/usr/lib/libOpenScriptingUtil.dylib
0x0000000017a61000 	/usr/lib/libpam.2.dylib
0x0000000017a61000 	/usr/lib/libsqlite3.dylib
0x0000000017a61000 	/usr/lib/libxar.1.dylib
0x0000000017a61000 	/usr/lib/libbz2.1.0.dylib
0x0000000017a61000 	/usr/lib/liblzma.5.dylib
0x0000000017a61000 	/usr/lib/libnetwork.dylib
0x0000000017a61000 	/usr/lib/libpcap.A.dylib
0x0000000017a61000 	/System/Library/Frameworks/CoreServices.framework/Versions/A/Frameworks/FSEvents.framework/Versions/A/FSEvents
0x0000000017a61000 	/System/Library/Frameworks/CoreServices.framework/Versions/A/Frameworks/CarbonCore.framework/Versions/A/CarbonCore
0x0000000017a61000 	/System/Library/Frameworks/CoreServices.framework/Versions/A/Frameworks/Metadata.framework/Versions/A/Metadata
0x0000000017a61000 	/System/Library/Frameworks/CoreServices.framework/Versions/A/Frameworks/OSServices.framework/Versions/A/OSServices
0x0000000017a61000 	/System/Library/Frameworks/CoreServices.framework/Versions/A/Frameworks/SearchKit.framework/Versions/A/SearchKit
0x0000000017a61000 	/System/Library/Frameworks/CoreServices.framework/Versions/A/Frameworks/AE.framework/Versions/A/AE
0x0000000017a61000 	/System/Library/Frameworks/CoreServices.framework/Versions/A/Frameworks/LaunchServices.framework/Versions/A/LaunchServices
0x0000000017a61000 	/System/Library/Frameworks/CoreServices.framework/Versions/A/Frameworks/DictionaryServices.framework/Versions/A/DictionaryServices
0x0000000017a61000 	/System/Library/Frameworks/CoreServices.framework/Versions/A/Frameworks/SharedFileList.framework/Versions/A/SharedFileList
0x0000000017a61000 	/System/Library/Frameworks/NetFS.framework/Versions/A/NetFS
0x0000000017a61000 	/System/Library/PrivateFrameworks/NetAuth.framework/Versions/A/NetAuth
0x0000000017a61000 	/System/Library/PrivateFrameworks/login.framework/Versions/A/Frameworks/loginsupport.framework/Versions/A/loginsupport
0x0000000017a61000 	/System/Library/PrivateFrameworks/TCC.framework/Versions/A/TCC
0x0000000017a61000 	/usr/lib/libmecabra.dylib
0x0000000017a61000 	/System/Library/Frameworks/ApplicationServices.framework/Versions/A/Frameworks/ATS.framework/Versions/A/ATS
0x0000000017a61000 	/System/Library/Frameworks/ApplicationServices.framework/Versions/A/Frameworks/ColorSync.framework/Versions/A/ColorSync
0x0000000017a61000 	/System/Library/Frameworks/ApplicationServices.framework/Versions/A/Frameworks/HIServices.framework/Versions/A/HIServices
0x0000000017a61000 	/System/Library/Frameworks/ApplicationServices.framework/Versions/A/Frameworks/LangAnalysis.framework/Versions/A/LangAnalysis
0x0000000017a61000 	/System/Library/Frameworks/ApplicationServices.framework/Versions/A/Frameworks/PrintCore.framework/Versions/A/PrintCore
0x0000000017a61000 	/System/Library/Frameworks/ApplicationServices.framework/Versions/A/Frameworks/QD.framework/Versions/A/QD
0x0000000017a61000 	/System/Library/Frameworks/ApplicationServices.framework/Versions/A/Frameworks/SpeechSynthesis.framework/Versions/A/SpeechSynthesis
0x0000000017a61000 	/System/Library/Frameworks/Accelerate.framework/Versions/A/Frameworks/vImage.framework/Versions/A/vImage
0x0000000017a61000 	/System/Library/Frameworks/Accelerate.framework/Versions/A/Frameworks/vecLib.framework/Versions/A/vecLib
0x0000000017a61000 	/System/Library/Frameworks/Accelerate.framework/Versions/A/Frameworks/vecLib.framework/Versions/A/libvDSP.dylib
0x0000000017a61000 	/System/Library/Frameworks/Accelerate.framework/Versions/A/Frameworks/vecLib.framework/Versions/A/libBNNS.dylib
0x0000000017a61000 	/System/Library/Frameworks/Accelerate.framework/Versions/A/Frameworks/vecLib.framework/Versions/A/libQuadrature.dylib
0x0000000017a61000 	/System/Library/Frameworks/Accelerate.framework/Versions/A/Frameworks/vecLib.framework/Versions/A/libvMisc.dylib
0x0000000017a61000 	/System/Library/Frameworks/Accelerate.framework/Versions/A/Frameworks/vecLib.framework/Versions/A/libLAPACK.dylib
0x0000000017a61000 	/System/Library/Frameworks/Accelerate.framework/Versions/A/Frameworks/vecLib.framework/Versions/A/libBLAS.dylib
0x0000000017a61000 	/System/Library/Frameworks/Accelerate.framework/Versions/A/Frameworks/vecLib.framework/Versions/A/libLinearAlgebra.dylib
0x0000000017a61000 	/System/Library/Frameworks/Accelerate.framework/Versions/A/Frameworks/vecLib.framework/Versions/A/libSparseBLAS.dylib
0x0000000017a61000 	/System/Library/Frameworks/ApplicationServices.framework/Versions/A/Frameworks/ATS.framework/Versions/A/Resources/libFontParser.dylib
0x0000000017a61000 	/System/Library/Frameworks/ApplicationServices.framework/Versions/A/Frameworks/ATS.framework/Versions/A/Resources/libFontRegistry.dylib
0x0000000017a61000 	/System/Library/Frameworks/ImageIO.framework/Versions/A/Resources/libJPEG.dylib
0x0000000017a61000 	/System/Library/Frameworks/ImageIO.framework/Versions/A/Resources/libTIFF.dylib
0x0000000017a61000 	/System/Library/Frameworks/ImageIO.framework/Versions/A/Resources/libPng.dylib
0x0000000017a61000 	/System/Library/Frameworks/ImageIO.framework/Versions/A/Resources/libGIF.dylib
0x0000000017a61000 	/System/Library/Frameworks/ImageIO.framework/Versions/A/Resources/libJP2.dylib
0x0000000017a61000 	/System/Library/Frameworks/ImageIO.framework/Versions/A/Resources/libRadiance.dylib
0x0000000017a61000 	/usr/lib/libcompression.dylib
0x0000000017a61000 	/System/Library/PrivateFrameworks/AppleJPEG.framework/Versions/A/AppleJPEG
0x0000000017a61000 	/usr/lib/libcups.2.dylib
0x0000000017a61000 	/System/Library/Frameworks/Kerberos.framework/Versions/A/Kerberos
0x0000000017a61000 	/System/Library/Frameworks/GSS.framework/Versions/A/GSS
0x0000000017a61000 	/usr/lib/libresolv.9.dylib
0x0000000017a61000 	/usr/lib/libiconv.2.dylib
0x0000000017a61000 	/System/Library/PrivateFrameworks/Heimdal.framework/Versions/A/Heimdal
0x0000000017a61000 	/usr/lib/libheimdal-asn1.dylib
0x0000000017a61000 	/System/Library/Frameworks/OpenDirectory.framework/Versions/A/OpenDirectory
0x0000000017a61000 	/System/Library/PrivateFrameworks/CommonAuth.framework/Versions/A/CommonAuth
0x0000000017a61000 	/System/Library/Frameworks/OpenDirectory.framework/Versions/A/Frameworks/CFOpenDirectory.framework/Versions/A/CFOpenDirectory
0x0000000017a61000 	/System/Library/Frameworks/SecurityFoundation.framework/Versions/A/SecurityFoundation
0x0000000017a61000 	/System/Library/PrivateFrameworks/LanguageModeling.framework/Versions/A/LanguageModeling
0x0000000017a61000 	/usr/lib/libmarisa.dylib
0x0000000017a61000 	/usr/lib/libChineseTokenizer.dylib
0x0000000017a61000 	/usr/lib/libcmph.dylib
0x0000000017a61000 	/System/Library/PrivateFrameworks/CoreEmoji.framework/Versions/A/CoreEmoji
0x0000000017a61000 	/System/Library/Frameworks/ServiceManagement.framework/Versions/A/ServiceManagement
0x0000000017a61000 	/usr/lib/libxslt.1.dylib
0x0000000017a61000 	/System/Library/Frameworks/Carbon.framework/Versions/A/Frameworks/Ink.framework/Versions/A/Ink
0x0000000017a61000 	/System/Library/PrivateFrameworks/TextureIO.framework/Versions/A/TextureIO
0x0000000017a61000 	/System/Library/Frameworks/Metal.framework/Versions/A/Metal
0x0000000017a61000 	/usr/lib/libate.dylib
0x0000000017a61000 	/System/Library/PrivateFrameworks/GPUCompiler.framework/libmetal_timestamp.dylib
0x0000000017a61000 	/System/Library/Frameworks/OpenGL.framework/Versions/A/Libraries/libCoreFSCache.dylib
0x0000000017a61000 	/System/Library/PrivateFrameworks/IOAccelerator.framework/Versions/A/IOAccelerator
0x0000000017a61000 	/System/Library/Frameworks/CoreVideo.framework/Versions/A/CoreVideo
0x0000000017a61000 	/usr/lib/libFosl_dynamic.dylib
0x0000000017a61000 	/System/Library/PrivateFrameworks/MetalPerformanceShaders.framework/Versions/A/MetalPerformanceShaders
0x0000000017a61000 	/System/Library/PrivateFrameworks/FaceCore.framework/Versions/A/FaceCore
0x0000000017a61000 	/System/Library/Frameworks/OpenCL.framework/Versions/A/OpenCL
0x0000000017a61000 	/System/Library/Frameworks/OpenGL.framework/Versions/A/Libraries/libGLU.dylib
0x0000000017a61000 	/System/Library/Frameworks/OpenGL.framework/Versions/A/Libraries/libGFXShared.dylib
0x0000000017a61000 	/System/Library/Frameworks/OpenGL.framework/Versions/A/Libraries/libGL.dylib
0x0000000017a61000 	/System/Library/Frameworks/OpenGL.framework/Versions/A/Libraries/libGLImage.dylib
0x0000000017a61000 	/System/Library/Frameworks/OpenGL.framework/Versions/A/Libraries/libCVMSPluginSupport.dylib
0x0000000017a61000 	/System/Library/Frameworks/OpenGL.framework/Versions/A/Libraries/libCoreVMClient.dylib
0x0000000017a61000 	/System/Library/PrivateFrameworks/CrashReporterSupport.framework/Versions/A/CrashReporterSupport
0x0000000017a61000 	/System/Library/PrivateFrameworks/Sharing.framework/Versions/A/Sharing
0x0000000017a61000 	/System/Library/PrivateFrameworks/IconServices.framework/Versions/A/IconServices
0x0000000017a61000 	/System/Library/PrivateFrameworks/ProtocolBuffer.framework/Versions/A/ProtocolBuffer
0x0000000017a61000 	/System/Library/PrivateFrameworks/Apple80211.framework/Versions/A/Apple80211
0x0000000017a61000 	/System/Library/Frameworks/CoreWLAN.framework/Versions/A/CoreWLAN
0x0000000017a61000 	/System/Library/PrivateFrameworks/CoreUtils.framework/Versions/A/CoreUtils
0x0000000017a61000 	/System/Library/Frameworks/IOBluetooth.framework/Versions/A/IOBluetooth
0x0000000017a61000 	/System/Library/PrivateFrameworks/CoreWiFi.framework/Versions/A/CoreWiFi
0x0000000017a61000 	/System/Library/Frameworks/CoreBluetooth.framework/Versions/A/CoreBluetooth
0x0000000017a61000 	/System/Library/Frameworks/CoreDisplay.framework/Versions/A/CoreDisplay
0x0000000017a61000 	/System/Library/PrivateFrameworks/IOPresentment.framework/Versions/A/IOPresentment
0x0000000017a61000 	/System/Library/PrivateFrameworks/DSExternalDisplay.framework/Versions/A/DSExternalDisplay
0x0000000017a61000 	/System/Library/PrivateFrameworks/DebugSymbols.framework/Versions/A/DebugSymbols
0x0000000017a61000 	/System/Library/PrivateFrameworks/CoreSymbolication.framework/Versions/A/CoreSymbolication
0x0000000017a61000 	/System/Library/PrivateFrameworks/Symbolication.framework/Versions/A/Symbolication
0x0000000017a61000 	/System/Library/PrivateFrameworks/AppleFSCompression.framework/Versions/A/AppleFSCompression
0x0000000017a61000 	/System/Library/PrivateFrameworks/SpeechRecognitionCore.framework/Versions/A/SpeechRecognitionCore
0x0000000017a61000 	/System/Library/PrivateFrameworks/ChunkingLibrary.framework/Versions/A/ChunkingLibrary
0x000000010ee00000 	/Library/Java/JavaVirtualMachines/jdk1.8.0_144.jdk/Contents/Home/jre/lib/server/libjvm.dylib
0x0000000017a61000 	/usr/lib/libstdc++.6.dylib
0x000000010dc4c000 	/Library/Java/JavaVirtualMachines/jdk1.8.0_144.jdk/Contents/Home/jre/lib/libverify.dylib
0x000000010dc5a000 	/Library/Java/JavaVirtualMachines/jdk1.8.0_144.jdk/Contents/Home/jre/lib/libjava.dylib
0x000000010dc8f000 	/Library/Java/JavaVirtualMachines/jdk1.8.0_144.jdk/Contents/Home/jre/lib/libinstrument.dylib
0x000000010dceb000 	/Library/Java/JavaVirtualMachines/jdk1.8.0_144.jdk/Contents/Home/jre/lib/libzip.dylib
0x000000012adca000 	/System/Library/Frameworks/JavaVM.framework/Frameworks/JavaRuntimeSupport.framework/JavaRuntimeSupport
0x000000012ade4000 	/System/Library/Frameworks/JavaVM.framework/Versions/A/Frameworks/JavaNativeFoundation.framework/Versions/A/JavaNativeFoundation
0x000000010ddf0000 	/System/Library/Frameworks/JavaVM.framework/Versions/A/JavaVM
0x0000000017a61000 	/System/Library/Frameworks/Carbon.framework/Versions/A/Carbon
0x000000012adf9000 	/System/Library/PrivateFrameworks/JavaLaunching.framework/Versions/A/JavaLaunching
0x0000000017a61000 	/System/Library/Frameworks/Carbon.framework/Versions/A/Frameworks/CommonPanels.framework/Versions/A/CommonPanels
0x0000000017a61000 	/System/Library/Frameworks/Carbon.framework/Versions/A/Frameworks/Help.framework/Versions/A/Help
0x0000000017a61000 	/System/Library/Frameworks/Carbon.framework/Versions/A/Frameworks/ImageCapture.framework/Versions/A/ImageCapture
0x0000000017a61000 	/System/Library/Frameworks/Carbon.framework/Versions/A/Frameworks/OpenScripting.framework/Versions/A/OpenScripting
0x0000000017a61000 	/System/Library/Frameworks/Carbon.framework/Versions/A/Frameworks/Print.framework/Versions/A/Print
0x0000000017a61000 	/System/Library/Frameworks/Carbon.framework/Versions/A/Frameworks/SecurityHI.framework/Versions/A/SecurityHI
0x000000012c90b000 	/Library/Java/JavaVirtualMachines/jdk1.8.0_144.jdk/Contents/Home/jre/lib/libnet.dylib
0x000000012c96f000 	/Library/Java/JavaVirtualMachines/jdk1.8.0_144.jdk/Contents/Home/jre/lib/libawt.dylib
0x000000012ca17000 	/Library/Java/JavaVirtualMachines/jdk1.8.0_144.jdk/Contents/Home/jre/lib/./libmlib_image.dylib
0x000000012cae3000 	/Library/Java/JavaVirtualMachines/jdk1.8.0_144.jdk/Contents/Home/jre/lib/libawt_lwawt.dylib
0x000000012cb9a000 	/Library/Java/JavaVirtualMachines/jdk1.8.0_144.jdk/Contents/Home/jre/lib/./libosxapp.dylib
0x0000000017a61000 	/System/Library/Frameworks/ExceptionHandling.framework/Versions/A/ExceptionHandling
0x0000000017a61000 	/System/Library/PrivateFrameworks/CoreServicesInternal.framework/Versions/A/CoreServicesInternal
0x0000000017a61000 	/System/Library/CoreServices/RawCamera.bundle/Contents/MacOS/RawCamera
0x0000000017a61000 	/System/Library/Frameworks/Accelerate.framework/Versions/A/Frameworks/vImage.framework/Versions/A/Libraries/libCGInterfaces.dylib
0x0000000017a61000 	/System/Library/Frameworks/ApplicationServices.framework/Versions/A/Frameworks/ATS.framework/Versions/A/Resources/libTrueTypeScaler.dylib
0x000000012ec6e000 	/System/Library/Frameworks/OpenGL.framework/Resources/GLEngine.bundle/GLEngine
0x0000000017a61000 	/System/Library/Frameworks/OpenGL.framework/Versions/A/Libraries/libGLProgrammability.dylib
0x000000012ee53000 	/System/Library/Extensions/AppleIntelSKLGraphicsGLDriver.bundle/Contents/MacOS/AppleIntelSKLGraphicsGLDriver
0x0000000017a61000 	/System/Library/PrivateFrameworks/GPUSupport.framework/Versions/A/Libraries/libGPUSupportMercury.dylib
0x000000012fbd7000 	/System/Library/Extensions/AMDRadeonX4000GLDriver.bundle/Contents/MacOS/AMDRadeonX4000GLDriver
0x000000012fcb7000 	/System/Library/Extensions/AMDRadeonX4000GLDriver.bundle/Contents/MacOS/ATIRadeonX4000SCLib.dylib
0x000000012dd0f000 	/System/Library/Frameworks/OpenGL.framework/Resources//GLRendererFloat.bundle/GLRendererFloat
0x0000000017a61000 	/System/Library/Frameworks/OpenCL.framework/Versions/A/Libraries/libcldcpuengine.dylib
0x0000000017a61000 	/usr/lib/libcrypto.0.9.8.dylib
0x0000000017a61000 	/System/Library/PrivateFrameworks/TrustEvaluationAgent.framework/Versions/A/TrustEvaluationAgent
0x0000000017a61000 	/System/Library/Extensions/AMDMTLBronzeDriver.bundle/Contents/MacOS/AMDMTLBronzeDriver
0x0000000017a61000 	/System/Library/PrivateFrameworks/IOAccelMemoryInfo.framework/Versions/A/IOAccelMemoryInfo
0x0000000130294000 	/System/Library/Extensions/AppleIntelSKLGraphicsMTLDriver.bundle/Contents/MacOS/AppleIntelSKLGraphicsMTLDriver
0x0000000017a61000 	/System/Library/PrivateFrameworks/FamilyControls.framework/Versions/A/FamilyControls
0x0000000017a61000 	/System/Library/PrivateFrameworks/CommerceKit.framework/Versions/A/Frameworks/CommerceCore.framework/Versions/A/CommerceCore
0x0000000017a61000 	/System/Library/PrivateFrameworks/SystemAdministration.framework/Versions/A/SystemAdministration
0x0000000017a61000 	/System/Library/PrivateFrameworks/AppContainer.framework/Versions/A/AppContainer
0x0000000017a61000 	/System/Library/PrivateFrameworks/SecCodeWrapper.framework/Versions/A/SecCodeWrapper
0x0000000017a61000 	/System/Library/Frameworks/DirectoryService.framework/Versions/A/DirectoryService
0x0000000017a61000 	/System/Library/PrivateFrameworks/DiskImages.framework/Versions/A/DiskImages
0x0000000017a61000 	/System/Library/PrivateFrameworks/LoginUIKit.framework/Versions/A/Frameworks/LoginUICore.framework/Versions/A/LoginUICore
0x0000000017a61000 	/usr/lib/libCoreStorage.dylib
0x0000000017a61000 	/usr/lib/libcsfde.dylib
0x0000000017a61000 	/usr/lib/libodfde.dylib
0x0000000017a61000 	/System/Library/Frameworks/DiscRecording.framework/Versions/A/DiscRecording
0x0000000017a61000 	/usr/lib/libcurl.4.dylib
0x0000000017a61000 	/System/Library/PrivateFrameworks/MediaKit.framework/Versions/A/MediaKit
0x0000000017a61000 	/System/Library/PrivateFrameworks/ProtectedCloudStorage.framework/Versions/A/ProtectedCloudStorage
0x0000000017a61000 	/System/Library/PrivateFrameworks/EFILogin.framework/Versions/A/EFILogin
0x0000000017a61000 	/usr/lib/libutil.dylib
0x0000000017a61000 	/System/Library/Frameworks/LDAP.framework/Versions/A/LDAP
0x0000000017a61000 	/usr/lib/libsasl2.2.dylib
0x0000000017a61000 	/System/Library/PrivateFrameworks/CoreDaemon.framework/Versions/B/CoreDaemon
0x0000000017a61000 	/System/Library/PrivateFrameworks/AppleSRP.framework/Versions/A/AppleSRP
0x0000000017a61000 	/System/Library/PrivateFrameworks/APFS.framework/Versions/A/APFS
0x0000000131a70000 	/Library/Java/JavaVirtualMachines/jdk1.8.0_144.jdk/Contents/Home/jre/lib/libfontmanager.dylib
0x0000000131cb1000 	/Library/Java/JavaVirtualMachines/jdk1.8.0_144.jdk/Contents/Home/jre/lib/libosxui.dylib
0x0000000132970000 	/Library/Java/JavaVirtualMachines/jdk1.8.0_144.jdk/Contents/Home/jre/lib/libosx.dylib
0x0000000017a61000 	/System/Library/PrivateFrameworks/ViewBridge.framework/Versions/A/ViewBridge
0x0000000017a61000 	/System/Library/PrivateFrameworks/XPCService.framework/Versions/A/XPCService
0x0000000017a61000 	/System/Library/PrivateFrameworks/AppSandbox.framework/Versions/A/AppSandbox
0x0000000132d7e000 	/usr/lib/libsandbox.1.dylib
0x0000000017a61000 	/usr/lib/libMatch.1.dylib
0x0000000134734000 	/Library/Java/JavaVirtualMachines/jdk1.8.0_144.jdk/Contents/Home/jre/lib/libnio.dylib
0x000000019dadd000 	/Users/lawrence.mouarkach/doctorigames/BasicGameGradle/libbulletjme.dylib
0x0000000133e28000 	/Users/lawrence.mouarkach/doctorigames/BasicGameGradle/libopenal.dylib
0x0000000133e84000 	/Users/lawrence.mouarkach/doctorigames/BasicGameGradle/liblwjgl.dylib
0x0000000132e43000 	/Library/Java/JavaVirtualMachines/jdk1.8.0_144.jdk/Contents/Home/jre/lib/libjawt.dylib
0x0000000017a61000 	/System/Library/Frameworks/OpenAL.framework/Versions/A/OpenAL
0x000000019ef1d000 	/System/Library/Components/CoreAudio.component/Contents/MacOS/CoreAudio
0x000000012d05c000 	/System/Library/Extensions/AppleHDA.kext/Contents/PlugIns/AppleHDAHALPlugIn.bundle/Contents/MacOS/AppleHDAHALPlugIn
0x0000000134244000 	/Library/Java/JavaVirtualMachines/jdk1.8.0_144.jdk/Contents/Home/jre/lib/libjpeg.dylib

VM Arguments:
jvm_args: -javaagent:/Users/lawrence.mouarkach/Library/Application Support/JetBrains/Toolbox/apps/IDEA-C/ch-0/172.3544.35/IntelliJ IDEA CE.app/Contents/lib/idea_rt.jar=60575:/Users/lawrence.mouarkach/Library/Application Support/JetBrains/Toolbox/apps/IDEA-C/ch-0/172.3544.35/IntelliJ IDEA CE.app/Contents/bin -Dfile.encoding=UTF-8 
java_command: com.lawrencemouarkach.Main
java_class_path (initial): /Library/Java/JavaVirtualMachines/jdk1.8.0_144.jdk/Contents/Home/jre/lib/charsets.jar:/Library/Java/JavaVirtualMachines/jdk1.8.0_144.jdk/Contents/Home/jre/lib/deploy.jar:/Library/Java/JavaVirtualMachines/jdk1.8.0_144.jdk/Contents/Home/jre/lib/ext/cldrdata.jar:/Library/Java/JavaVirtualMachines/jdk1.8.0_144.jdk/Contents/Home/jre/lib/ext/dnsns.jar:/Library/Java/JavaVirtualMachines/jdk1.8.0_144.jdk/Contents/Home/jre/lib/ext/jaccess.jar:/Library/Java/JavaVirtualMachines/jdk1.8.0_144.jdk/Contents/Home/jre/lib/ext/jfxrt.jar:/Library/Java/JavaVirtualMachines/jdk1.8.0_144.jdk/Contents/Home/jre/lib/ext/localedata.jar:/Library/Java/JavaVirtualMachines/jdk1.8.0_144.jdk/Contents/Home/jre/lib/ext/nashorn.jar:/Library/Java/JavaVirtualMachines/jdk1.8.0_144.jdk/Contents/Home/jre/lib/ext/sunec.jar:/Library/Java/JavaVirtualMachines/jdk1.8.0_144.jdk/Contents/Home/jre/lib/ext/sunjce_provider.jar:/Library/Java/JavaVirtualMachines/jdk1.8.0_144.jdk/Contents/Home/jre/lib/ext/sunpkcs11.jar:/Library/Java/JavaVirtualMachines/jdk1.8.0_144.jdk/Contents/Home/jre/lib/ext/zipfs.jar:/Library/Java/JavaVirtualMachines/jdk1.8.0_144.jdk/Contents/Home/jre/lib/javaws.jar:/Library/Java/JavaVirtualMachines/jdk1.8.0_144.jdk/Contents/Home/jre/lib/jce.jar:/Library/Java/JavaVirtualMachines/jdk1.8.0_144.jdk/Contents/Home/jre/lib/jfr.jar:/Library/Java/JavaVirtualMachines/jdk1.8.0_144.jdk/Contents/Home/jre/lib/jfxswt.jar:/Library/Java/JavaVirtualMachines/jdk1.8.0_144.jdk/Contents/Home/jre/lib/jsse.jar:/Library/Java/JavaVirtualMachines/jdk1.8.0_144.jdk/Contents/Home/jre/lib/management-agent.jar:/Library/Java/JavaVirtualMachines/jdk1.8.0_144.jdk/Contents/Home/jre/lib/plugin.jar:/Library/Java/JavaVirtualMachines/jdk1.8.0_144.jdk/Contents/Home/jre/lib/resources.jar:/Library/Java/JavaVirtualMachines/jdk1.8.0_144.jdk/Contents/Home/jre/lib/rt.jar:/Library/Java/JavaVirtualMachines/jdk1.8.0_144.jdk/Contents/Home/lib/ant-javafx.jar:/Library/Java/JavaVirtualMachines/jdk1.8.0_144.jdk/Contents/Home
Launcher Type: SUN_STANDARD

Environment Variables:
JAVA_HOME=/Users/lawrence.mouarkach/.sdkman/candidates/java/current
PATH=/Users/lawrence.mouarkach/.sdkman/candidates/springboot/current/bin:/Users/lawrence.mouarkach/.sdkman/candidates/java/current/bin:/Users/lawrence.mouarkach/.sdkman/candidates/groovy/current/bin:/Users/lawrence.mouarkach/.sdkman/candidates/gradle/current/bin:/usr/local/bin:/usr/bin:/bin:/usr/sbin:/sbin:/Library/Maven/apache-maven-3.5.0/bin:/Users/lawrence.mouarkach/activator-dist-1.3.12/bin
SHELL=/bin/bash

Signal Handlers:
SIGSEGV: [libjvm.dylib+0x5b26e5], sa_mask[0]=11111111011111110111111111111111, sa_flags=SA_ONSTACK|SA_RESTART|SA_SIGINFO
SIGBUS: [libjvm.dylib+0x5b26e5], sa_mask[0]=11111111011111110111111111111111, sa_flags=SA_RESTART|SA_SIGINFO
SIGFPE: [libjvm.dylib+0x489100], sa_mask[0]=11111111011111110111111111111111, sa_flags=SA_RESTART|SA_SIGINFO
SIGPIPE: [libjvm.dylib+0x489100], sa_mask[0]=11111111011111110111111111111111, sa_flags=SA_RESTART|SA_SIGINFO
SIGXFSZ: [libjvm.dylib+0x489100], sa_mask[0]=11111111011111110111111111111111, sa_flags=SA_RESTART|SA_SIGINFO
SIGILL: [libjvm.dylib+0x489100], sa_mask[0]=11111111011111110111111111111111, sa_flags=SA_RESTART|SA_SIGINFO
SIGUSR1: SIG_DFL, sa_mask[0]=00000000000000000000000000000000, sa_flags=none
SIGUSR2: [libjvm.dylib+0x488c1e], sa_mask[0]=00100000000000000000000000000000, sa_flags=SA_RESTART|SA_SIGINFO
SIGHUP: [libjvm.dylib+0x4871f5], sa_mask[0]=11111111011111110111111111111111, sa_flags=SA_RESTART|SA_SIGINFO
SIGINT: [libjvm.dylib+0x4871f5], sa_mask[0]=11111111011111110111111111111111, sa_flags=SA_RESTART|SA_SIGINFO
SIGTERM: [libjvm.dylib+0x4871f5], sa_mask[0]=11111111011111110111111111111111, sa_flags=SA_RESTART|SA_SIGINFO
SIGQUIT: [libjvm.dylib+0x4871f5], sa_mask[0]=11111111011111110111111111111111, sa_flags=SA_RESTART|SA_SIGINFO


---------------  S Y S T E M  ---------------

OS:Bsduname:Darwin 16.7.0 Darwin Kernel Version 16.7.0: Wed Oct  4 00:17:00 PDT 2017; root:xnu-3789.71.6~1/RELEASE_X86_64 x86_64
rlimit: STACK 8192k, CORE 0k, NPROC 709, NOFILE 10240, AS infinity
load average:2.88 3.11 3.09

CPU:total 8 (initial active 8) (4 cores per cpu, 2 threads per core) family 6 model 94 stepping 3, cmov, cx8, fxsr, mmx, sse, sse2, sse3, ssse3, sse4.1, sse4.2, popcnt, avx, avx2, aes, clmul, erms, rtm, 3dnowpref, lzcnt, ht, tsc, tscinvbit, bmi1, bmi2, adx

Memory: 4k page, physical 16777216k(2248892k free)

/proc/meminfo:


vm_info: Java HotSpot(TM) 64-Bit Server VM (25.144-b01) for bsd-amd64 JRE (1.8.0_144-b01), built on Jul 21 2017 22:07:42 by "java_re" with gcc 4.2.1 (Based on Apple Inc. build 5658) (LLVM build 2336.11.00)

time: Thu Nov 16 15:48:10 2017
elapsed time: 6 seconds (0d 0h 0m 6s)

